log.js?1afd:24 [HMR] Waiting for update signal from WDS...
reviews.js?c204:33 action fetchReviews
vue.runtime.esm.js?2b0e:619 [Vue warn]: Error in render: "TypeError: Cannot read property 'length' of undefined"

found in

---> <Productfull> at src/components/productfull/Productfull.vue
       <ProductPage> at src/views/ProductPage.vue
         <App> at src/App.vue
           <Root>
warn @ vue.runtime.esm.js?2b0e:619
logError @ vue.runtime.esm.js?2b0e:1884
globalHandleError @ vue.runtime.esm.js?2b0e:1879
handleError @ vue.runtime.esm.js?2b0e:1839
Vue._render @ vue.runtime.esm.js?2b0e:3550
updateComponent @ vue.runtime.esm.js?2b0e:4066
get @ vue.runtime.esm.js?2b0e:4479
Watcher @ vue.runtime.esm.js?2b0e:4468
mountComponent @ vue.runtime.esm.js?2b0e:4073
Vue.$mount @ vue.runtime.esm.js?2b0e:8415
init @ vue.runtime.esm.js?2b0e:3118
createComponent @ vue.runtime.esm.js?2b0e:5978
createElm @ vue.runtime.esm.js?2b0e:5925
createChildren @ vue.runtime.esm.js?2b0e:6053
createElm @ vue.runtime.esm.js?2b0e:5954
createChildren @ vue.runtime.esm.js?2b0e:6053
createElm @ vue.runtime.esm.js?2b0e:5954
createChildren @ vue.runtime.esm.js?2b0e:6053
createElm @ vue.runtime.esm.js?2b0e:5954
patch @ vue.runtime.esm.js?2b0e:6477
Vue._update @ vue.runtime.esm.js?2b0e:3945
updateComponent @ vue.runtime.esm.js?2b0e:4066
get @ vue.runtime.esm.js?2b0e:4479
Watcher @ vue.runtime.esm.js?2b0e:4468
mountComponent @ vue.runtime.esm.js?2b0e:4073
Vue.$mount @ vue.runtime.esm.js?2b0e:8415
init @ vue.runtime.esm.js?2b0e:3118
merged @ vue.runtime.esm.js?2b0e:3301
createComponent @ vue.runtime.esm.js?2b0e:5978
createElm @ vue.runtime.esm.js?2b0e:5925
createChildren @ vue.runtime.esm.js?2b0e:6053
createElm @ vue.runtime.esm.js?2b0e:5954
patch @ vue.runtime.esm.js?2b0e:6477
Vue._update @ vue.runtime.esm.js?2b0e:3945
updateComponent @ vue.runtime.esm.js?2b0e:4066
get @ vue.runtime.esm.js?2b0e:4479
Watcher @ vue.runtime.esm.js?2b0e:4468
mountComponent @ vue.runtime.esm.js?2b0e:4073
Vue.$mount @ vue.runtime.esm.js?2b0e:8415
init @ vue.runtime.esm.js?2b0e:3118
createComponent @ vue.runtime.esm.js?2b0e:5978
createElm @ vue.runtime.esm.js?2b0e:5925
patch @ vue.runtime.esm.js?2b0e:6516
Vue._update @ vue.runtime.esm.js?2b0e:3945
updateComponent @ vue.runtime.esm.js?2b0e:4066
get @ vue.runtime.esm.js?2b0e:4479
Watcher @ vue.runtime.esm.js?2b0e:4468
mountComponent @ vue.runtime.esm.js?2b0e:4073
Vue.$mount @ vue.runtime.esm.js?2b0e:8415
eval @ main.js?56d7:74
./src/main.js @ app.js:4458
__webpack_require__ @ app.js:849
fn @ app.js:151
1 @ app.js:4867
__webpack_require__ @ app.js:849
checkDeferredModules @ app.js:46
(anonymous) @ app.js:925
(anonymous) @ app.js:928
Show 28 more frames
vue.runtime.esm.js?2b0e:1888 TypeError: Cannot read property 'length' of undefined
    at VueComponent.reviewsQuantity (Productfull.vue?53ce:234)
    at Watcher.get (vue.runtime.esm.js?2b0e:4479)
    at Watcher.evaluate (vue.runtime.esm.js?2b0e:4584)
    at VueComponent.computedGetter [as reviewsQuantity] (vue.runtime.esm.js?2b0e:4836)
    at Object.get (vue.runtime.esm.js?2b0e:2072)
    at Proxy.render (Productfull.vue?faab:53)
    at VueComponent.Vue._render (vue.runtime.esm.js?2b0e:3548)
    at VueComponent.updateComponent (vue.runtime.esm.js?2b0e:4066)
    at Watcher.get (vue.runtime.esm.js?2b0e:4479)
    at new Watcher (vue.runtime.esm.js?2b0e:4468)
logError @ vue.runtime.esm.js?2b0e:1888
globalHandleError @ vue.runtime.esm.js?2b0e:1879
handleError @ vue.runtime.esm.js?2b0e:1839
Vue._render @ vue.runtime.esm.js?2b0e:3550
updateComponent @ vue.runtime.esm.js?2b0e:4066
get @ vue.runtime.esm.js?2b0e:4479
Watcher @ vue.runtime.esm.js?2b0e:4468
mountComponent @ vue.runtime.esm.js?2b0e:4073
Vue.$mount @ vue.runtime.esm.js?2b0e:8415
init @ vue.runtime.esm.js?2b0e:3118
createComponent @ vue.runtime.esm.js?2b0e:5978
createElm @ vue.runtime.esm.js?2b0e:5925
createChildren @ vue.runtime.esm.js?2b0e:6053
createElm @ vue.runtime.esm.js?2b0e:5954
createChildren @ vue.runtime.esm.js?2b0e:6053
createElm @ vue.runtime.esm.js?2b0e:5954
createChildren @ vue.runtime.esm.js?2b0e:6053
createElm @ vue.runtime.esm.js?2b0e:5954
patch @ vue.runtime.esm.js?2b0e:6477
Vue._update @ vue.runtime.esm.js?2b0e:3945
updateComponent @ vue.runtime.esm.js?2b0e:4066
get @ vue.runtime.esm.js?2b0e:4479
Watcher @ vue.runtime.esm.js?2b0e:4468
mountComponent @ vue.runtime.esm.js?2b0e:4073
Vue.$mount @ vue.runtime.esm.js?2b0e:8415
init @ vue.runtime.esm.js?2b0e:3118
merged @ vue.runtime.esm.js?2b0e:3301
createComponent @ vue.runtime.esm.js?2b0e:5978
createElm @ vue.runtime.esm.js?2b0e:5925
createChildren @ vue.runtime.esm.js?2b0e:6053
createElm @ vue.runtime.esm.js?2b0e:5954
patch @ vue.runtime.esm.js?2b0e:6477
Vue._update @ vue.runtime.esm.js?2b0e:3945
updateComponent @ vue.runtime.esm.js?2b0e:4066
get @ vue.runtime.esm.js?2b0e:4479
Watcher @ vue.runtime.esm.js?2b0e:4468
mountComponent @ vue.runtime.esm.js?2b0e:4073
Vue.$mount @ vue.runtime.esm.js?2b0e:8415
init @ vue.runtime.esm.js?2b0e:3118
createComponent @ vue.runtime.esm.js?2b0e:5978
createElm @ vue.runtime.esm.js?2b0e:5925
patch @ vue.runtime.esm.js?2b0e:6516
Vue._update @ vue.runtime.esm.js?2b0e:3945
updateComponent @ vue.runtime.esm.js?2b0e:4066
get @ vue.runtime.esm.js?2b0e:4479
Watcher @ vue.runtime.esm.js?2b0e:4468
mountComponent @ vue.runtime.esm.js?2b0e:4073
Vue.$mount @ vue.runtime.esm.js?2b0e:8415
eval @ main.js?56d7:74
./src/main.js @ app.js:4458
__webpack_require__ @ app.js:849
fn @ app.js:151
1 @ app.js:4867
__webpack_require__ @ app.js:849
checkDeferredModules @ app.js:46
(anonymous) @ app.js:925
(anonymous) @ app.js:928
Show 27 more frames
ProductfullSlider.vue?cb6e:52 uploads/productfull/DELL-S2421HN-black.jpg
ProductfullSlider.vue?cb6e:52 uploads/productfull/DELL-S2421HN-silver.jpg
ProductfullSlider.vue?cb6e:52 uploads/productfull/product_full_image_dell_08_image_4.jpg
ProductfullSlider.vue?cb6e:52 uploads/productfull/product_full_image_dell_08_image_1.jpg
ProductfullGallery.vue?ed04:49 uploads/productfull/DELL-S2421HN-black.jpg
ProductfullGallery.vue?ed04:49 uploads/productfull/DELL-S2421HN-silver.jpg
ProductfullGallery.vue?ed04:49 uploads/productfull/product_full_image_dell_08_image_4.jpg
ProductfullGallery.vue?ed04:49 uploads/productfull/product_full_image_dell_08_image_1.jpg
vue.runtime.esm.js?2b0e:619 [Vue warn]: Unknown custom element: <ProductfullAvailability> - did you register the component correctly? For recursive components, make sure to provide the "name" option.

found in

---> <Productfull> at src/components/productfull/Productfull.vue
       <ProductPage> at src/views/ProductPage.vue
         <App> at src/App.vue
           <Root>
warn @ vue.runtime.esm.js?2b0e:619
createElm @ vue.runtime.esm.js?2b0e:5938
createChildren @ vue.runtime.esm.js?2b0e:6053
createElm @ vue.runtime.esm.js?2b0e:5954
createChildren @ vue.runtime.esm.js?2b0e:6053
createElm @ vue.runtime.esm.js?2b0e:5954
patch @ vue.runtime.esm.js?2b0e:6516
Vue._update @ vue.runtime.esm.js?2b0e:3948
updateComponent @ vue.runtime.esm.js?2b0e:4066
get @ vue.runtime.esm.js?2b0e:4479
run @ vue.runtime.esm.js?2b0e:4554
flushSchedulerQueue @ vue.runtime.esm.js?2b0e:4310
eval @ vue.runtime.esm.js?2b0e:1980
flushCallbacks @ vue.runtime.esm.js?2b0e:1906
Promise.then (async)
timerFunc @ vue.runtime.esm.js?2b0e:1933
nextTick @ vue.runtime.esm.js?2b0e:1990
queueWatcher @ vue.runtime.esm.js?2b0e:4402
update @ vue.runtime.esm.js?2b0e:4544
notify @ vue.runtime.esm.js?2b0e:730
reactiveSetter @ vue.runtime.esm.js?2b0e:1055
SET_PRODUCTS @ products.js?5b50:40
wrappedMutationHandler @ vuex.esm.js?2f62:844
commitIterator @ vuex.esm.js?2f62:466
eval @ vuex.esm.js?2f62:465
_withCommit @ vuex.esm.js?2f62:624
commit @ vuex.esm.js?2f62:464
boundCommit @ vuex.esm.js?2f62:409
eval @ products.js?5b50:50
Promise.then (async)
fetchProducts @ products.js?5b50:49
wrappedActionHandler @ vuex.esm.js?2f62:851
dispatch @ vuex.esm.js?2f62:516
boundDispatch @ vuex.esm.js?2f62:406
created @ ProductPage.vue?ae6b:50
invokeWithErrorHandling @ vue.runtime.esm.js?2b0e:1854
callHook @ vue.runtime.esm.js?2b0e:4219
Vue._init @ vue.runtime.esm.js?2b0e:5008
VueComponent @ vue.runtime.esm.js?2b0e:5154
createComponentInstanceForVnode @ vue.runtime.esm.js?2b0e:3283
init @ vue.runtime.esm.js?2b0e:3114
merged @ vue.runtime.esm.js?2b0e:3301
createComponent @ vue.runtime.esm.js?2b0e:5978
createElm @ vue.runtime.esm.js?2b0e:5925
createChildren @ vue.runtime.esm.js?2b0e:6053
createElm @ vue.runtime.esm.js?2b0e:5954
patch @ vue.runtime.esm.js?2b0e:6477
Vue._update @ vue.runtime.esm.js?2b0e:3945
updateComponent @ vue.runtime.esm.js?2b0e:4066
get @ vue.runtime.esm.js?2b0e:4479
Watcher @ vue.runtime.esm.js?2b0e:4468
mountComponent @ vue.runtime.esm.js?2b0e:4073
Vue.$mount @ vue.runtime.esm.js?2b0e:8415
init @ vue.runtime.esm.js?2b0e:3118
createComponent @ vue.runtime.esm.js?2b0e:5978
createElm @ vue.runtime.esm.js?2b0e:5925
patch @ vue.runtime.esm.js?2b0e:6516
Vue._update @ vue.runtime.esm.js?2b0e:3945
updateComponent @ vue.runtime.esm.js?2b0e:4066
get @ vue.runtime.esm.js?2b0e:4479
Watcher @ vue.runtime.esm.js?2b0e:4468
mountComponent @ vue.runtime.esm.js?2b0e:4073
Vue.$mount @ vue.runtime.esm.js?2b0e:8415
eval @ main.js?56d7:74
./src/main.js @ app.js:4458
__webpack_require__ @ app.js:849
fn @ app.js:151
1 @ app.js:4867
__webpack_require__ @ app.js:849
checkDeferredModules @ app.js:46
(anonymous) @ app.js:925
(anonymous) @ app.js:928
Show 40 more frames
vue.runtime.esm.js?2b0e:619 [Vue warn]: Unknown custom element: <ProductfullParameters> - did you register the component correctly? For recursive components, make sure to provide the "name" option.

found in

---> <Productfull> at src/components/productfull/Productfull.vue
       <ProductPage> at src/views/ProductPage.vue
         <App> at src/App.vue
           <Root>
warn @ vue.runtime.esm.js?2b0e:619
createElm @ vue.runtime.esm.js?2b0e:5938
createChildren @ vue.runtime.esm.js?2b0e:6053
createElm @ vue.runtime.esm.js?2b0e:5954
createChildren @ vue.runtime.esm.js?2b0e:6053
createElm @ vue.runtime.esm.js?2b0e:5954
patch @ vue.runtime.esm.js?2b0e:6516
Vue._update @ vue.runtime.esm.js?2b0e:3948
updateComponent @ vue.runtime.esm.js?2b0e:4066
get @ vue.runtime.esm.js?2b0e:4479
run @ vue.runtime.esm.js?2b0e:4554
flushSchedulerQueue @ vue.runtime.esm.js?2b0e:4310
eval @ vue.runtime.esm.js?2b0e:1980
flushCallbacks @ vue.runtime.esm.js?2b0e:1906
Promise.then (async)
timerFunc @ vue.runtime.esm.js?2b0e:1933
nextTick @ vue.runtime.esm.js?2b0e:1990
queueWatcher @ vue.runtime.esm.js?2b0e:4402
update @ vue.runtime.esm.js?2b0e:4544
notify @ vue.runtime.esm.js?2b0e:730
reactiveSetter @ vue.runtime.esm.js?2b0e:1055
SET_PRODUCTS @ products.js?5b50:40
wrappedMutationHandler @ vuex.esm.js?2f62:844
commitIterator @ vuex.esm.js?2f62:466
eval @ vuex.esm.js?2f62:465
_withCommit @ vuex.esm.js?2f62:624
commit @ vuex.esm.js?2f62:464
boundCommit @ vuex.esm.js?2f62:409
eval @ products.js?5b50:50
Promise.then (async)
fetchProducts @ products.js?5b50:49
wrappedActionHandler @ vuex.esm.js?2f62:851
dispatch @ vuex.esm.js?2f62:516
boundDispatch @ vuex.esm.js?2f62:406
created @ ProductPage.vue?ae6b:50
invokeWithErrorHandling @ vue.runtime.esm.js?2b0e:1854
callHook @ vue.runtime.esm.js?2b0e:4219
Vue._init @ vue.runtime.esm.js?2b0e:5008
VueComponent @ vue.runtime.esm.js?2b0e:5154
createComponentInstanceForVnode @ vue.runtime.esm.js?2b0e:3283
init @ vue.runtime.esm.js?2b0e:3114
merged @ vue.runtime.esm.js?2b0e:3301
createComponent @ vue.runtime.esm.js?2b0e:5978
createElm @ vue.runtime.esm.js?2b0e:5925
createChildren @ vue.runtime.esm.js?2b0e:6053
createElm @ vue.runtime.esm.js?2b0e:5954
patch @ vue.runtime.esm.js?2b0e:6477
Vue._update @ vue.runtime.esm.js?2b0e:3945
updateComponent @ vue.runtime.esm.js?2b0e:4066
get @ vue.runtime.esm.js?2b0e:4479
Watcher @ vue.runtime.esm.js?2b0e:4468
mountComponent @ vue.runtime.esm.js?2b0e:4073
Vue.$mount @ vue.runtime.esm.js?2b0e:8415
init @ vue.runtime.esm.js?2b0e:3118
createComponent @ vue.runtime.esm.js?2b0e:5978
createElm @ vue.runtime.esm.js?2b0e:5925
patch @ vue.runtime.esm.js?2b0e:6516
Vue._update @ vue.runtime.esm.js?2b0e:3945
updateComponent @ vue.runtime.esm.js?2b0e:4066
get @ vue.runtime.esm.js?2b0e:4479
Watcher @ vue.runtime.esm.js?2b0e:4468
mountComponent @ vue.runtime.esm.js?2b0e:4073
Vue.$mount @ vue.runtime.esm.js?2b0e:8415
eval @ main.js?56d7:74
./src/main.js @ app.js:4458
__webpack_require__ @ app.js:849
fn @ app.js:151
1 @ app.js:4867
__webpack_require__ @ app.js:849
checkDeferredModules @ app.js:46
(anonymous) @ app.js:925
(anonymous) @ app.js:928
Show 40 more frames
vue.runtime.esm.js?2b0e:619 [Vue warn]: Invalid prop: type check failed for prop "productId". Expected Number with value 1, got String with value "1".

found in

---> <ProductfullReviews> at src/components/productfull/ProductfullReviews.vue
       <BaseTabs> at src/components/base/BaseTabs.vue
         <Productfull> at src/components/productfull/Productfull.vue
           <ProductPage> at src/views/ProductPage.vue
             <App> at src/App.vue
               <Root>
warn @ vue.runtime.esm.js?2b0e:619
assertProp @ vue.runtime.esm.js?2b0e:1705
validateProp @ vue.runtime.esm.js?2b0e:1632
loop @ vue.runtime.esm.js?2b0e:4665
initProps @ vue.runtime.esm.js?2b0e:4698
initState @ vue.runtime.esm.js?2b0e:4639
Vue._init @ vue.runtime.esm.js?2b0e:5006
VueComponent @ vue.runtime.esm.js?2b0e:5154
createComponentInstanceForVnode @ vue.runtime.esm.js?2b0e:3283
init @ vue.runtime.esm.js?2b0e:3114
createComponent @ vue.runtime.esm.js?2b0e:5978
createElm @ vue.runtime.esm.js?2b0e:5925
createChildren @ vue.runtime.esm.js?2b0e:6053
createElm @ vue.runtime.esm.js?2b0e:5954
createChildren @ vue.runtime.esm.js?2b0e:6053
createElm @ vue.runtime.esm.js?2b0e:5954
createChildren @ vue.runtime.esm.js?2b0e:6053
createElm @ vue.runtime.esm.js?2b0e:5954
patch @ vue.runtime.esm.js?2b0e:6477
Vue._update @ vue.runtime.esm.js?2b0e:3945
updateComponent @ vue.runtime.esm.js?2b0e:4066
get @ vue.runtime.esm.js?2b0e:4479
Watcher @ vue.runtime.esm.js?2b0e:4468
mountComponent @ vue.runtime.esm.js?2b0e:4073
Vue.$mount @ vue.runtime.esm.js?2b0e:8415
init @ vue.runtime.esm.js?2b0e:3118
createComponent @ vue.runtime.esm.js?2b0e:5978
createElm @ vue.runtime.esm.js?2b0e:5925
createChildren @ vue.runtime.esm.js?2b0e:6053
createElm @ vue.runtime.esm.js?2b0e:5954
createChildren @ vue.runtime.esm.js?2b0e:6053
createElm @ vue.runtime.esm.js?2b0e:5954
patch @ vue.runtime.esm.js?2b0e:6516
Vue._update @ vue.runtime.esm.js?2b0e:3948
updateComponent @ vue.runtime.esm.js?2b0e:4066
get @ vue.runtime.esm.js?2b0e:4479
run @ vue.runtime.esm.js?2b0e:4554
flushSchedulerQueue @ vue.runtime.esm.js?2b0e:4310
eval @ vue.runtime.esm.js?2b0e:1980
flushCallbacks @ vue.runtime.esm.js?2b0e:1906
Promise.then (async)
timerFunc @ vue.runtime.esm.js?2b0e:1933
nextTick @ vue.runtime.esm.js?2b0e:1990
queueWatcher @ vue.runtime.esm.js?2b0e:4402
update @ vue.runtime.esm.js?2b0e:4544
notify @ vue.runtime.esm.js?2b0e:730
reactiveSetter @ vue.runtime.esm.js?2b0e:1055
SET_PRODUCTS @ products.js?5b50:40
wrappedMutationHandler @ vuex.esm.js?2f62:844
commitIterator @ vuex.esm.js?2f62:466
eval @ vuex.esm.js?2f62:465
_withCommit @ vuex.esm.js?2f62:624
commit @ vuex.esm.js?2f62:464
boundCommit @ vuex.esm.js?2f62:409
eval @ products.js?5b50:50
Promise.then (async)
fetchProducts @ products.js?5b50:49
wrappedActionHandler @ vuex.esm.js?2f62:851
dispatch @ vuex.esm.js?2f62:516
boundDispatch @ vuex.esm.js?2f62:406
created @ ProductPage.vue?ae6b:50
invokeWithErrorHandling @ vue.runtime.esm.js?2b0e:1854
callHook @ vue.runtime.esm.js?2b0e:4219
Vue._init @ vue.runtime.esm.js?2b0e:5008
VueComponent @ vue.runtime.esm.js?2b0e:5154
createComponentInstanceForVnode @ vue.runtime.esm.js?2b0e:3283
init @ vue.runtime.esm.js?2b0e:3114
merged @ vue.runtime.esm.js?2b0e:3301
createComponent @ vue.runtime.esm.js?2b0e:5978
createElm @ vue.runtime.esm.js?2b0e:5925
createChildren @ vue.runtime.esm.js?2b0e:6053
createElm @ vue.runtime.esm.js?2b0e:5954
patch @ vue.runtime.esm.js?2b0e:6477
Vue._update @ vue.runtime.esm.js?2b0e:3945
updateComponent @ vue.runtime.esm.js?2b0e:4066
get @ vue.runtime.esm.js?2b0e:4479
Watcher @ vue.runtime.esm.js?2b0e:4468
mountComponent @ vue.runtime.esm.js?2b0e:4073
Vue.$mount @ vue.runtime.esm.js?2b0e:8415
init @ vue.runtime.esm.js?2b0e:3118
createComponent @ vue.runtime.esm.js?2b0e:5978
createElm @ vue.runtime.esm.js?2b0e:5925
patch @ vue.runtime.esm.js?2b0e:6516
Vue._update @ vue.runtime.esm.js?2b0e:3945
updateComponent @ vue.runtime.esm.js?2b0e:4066
get @ vue.runtime.esm.js?2b0e:4479
Watcher @ vue.runtime.esm.js?2b0e:4468
mountComponent @ vue.runtime.esm.js?2b0e:4073
Vue.$mount @ vue.runtime.esm.js?2b0e:8415
eval @ main.js?56d7:74
./src/main.js @ app.js:4458
__webpack_require__ @ app.js:849
fn @ app.js:151
1 @ app.js:4867
__webpack_require__ @ app.js:849
checkDeferredModules @ app.js:46
(anonymous) @ app.js:925
(anonymous) @ app.js:928
Show 52 more frames
vue.runtime.esm.js?2b0e:619 [Vue warn]: Invalid prop: type check failed for prop "productId". Expected Number with value 1, got String with value "1".

found in

---> <Reviews> at src/components/reviews/Reviews.vue
       <ProductfullReviews> at src/components/productfull/ProductfullReviews.vue
         <BaseTabs> at src/components/base/BaseTabs.vue
           <Productfull> at src/components/productfull/Productfull.vue
             <ProductPage> at src/views/ProductPage.vue
               <App> at src/App.vue
                 <Root>
warn @ vue.runtime.esm.js?2b0e:619
assertProp @ vue.runtime.esm.js?2b0e:1705
validateProp @ vue.runtime.esm.js?2b0e:1632
loop @ vue.runtime.esm.js?2b0e:4665
initProps @ vue.runtime.esm.js?2b0e:4698
initState @ vue.runtime.esm.js?2b0e:4639
Vue._init @ vue.runtime.esm.js?2b0e:5006
VueComponent @ vue.runtime.esm.js?2b0e:5154
createComponentInstanceForVnode @ vue.runtime.esm.js?2b0e:3283
init @ vue.runtime.esm.js?2b0e:3114
createComponent @ vue.runtime.esm.js?2b0e:5978
createElm @ vue.runtime.esm.js?2b0e:5925
patch @ vue.runtime.esm.js?2b0e:6477
Vue._update @ vue.runtime.esm.js?2b0e:3945
updateComponent @ vue.runtime.esm.js?2b0e:4066
get @ vue.runtime.esm.js?2b0e:4479
Watcher @ vue.runtime.esm.js?2b0e:4468
mountComponent @ vue.runtime.esm.js?2b0e:4073
Vue.$mount @ vue.runtime.esm.js?2b0e:8415
init @ vue.runtime.esm.js?2b0e:3118
createComponent @ vue.runtime.esm.js?2b0e:5978
createElm @ vue.runtime.esm.js?2b0e:5925
createChildren @ vue.runtime.esm.js?2b0e:6053
createElm @ vue.runtime.esm.js?2b0e:5954
createChildren @ vue.runtime.esm.js?2b0e:6053
createElm @ vue.runtime.esm.js?2b0e:5954
createChildren @ vue.runtime.esm.js?2b0e:6053
createElm @ vue.runtime.esm.js?2b0e:5954
patch @ vue.runtime.esm.js?2b0e:6477
Vue._update @ vue.runtime.esm.js?2b0e:3945
updateComponent @ vue.runtime.esm.js?2b0e:4066
get @ vue.runtime.esm.js?2b0e:4479
Watcher @ vue.runtime.esm.js?2b0e:4468
mountComponent @ vue.runtime.esm.js?2b0e:4073
Vue.$mount @ vue.runtime.esm.js?2b0e:8415
init @ vue.runtime.esm.js?2b0e:3118
createComponent @ vue.runtime.esm.js?2b0e:5978
createElm @ vue.runtime.esm.js?2b0e:5925
createChildren @ vue.runtime.esm.js?2b0e:6053
createElm @ vue.runtime.esm.js?2b0e:5954
createChildren @ vue.runtime.esm.js?2b0e:6053
createElm @ vue.runtime.esm.js?2b0e:5954
patch @ vue.runtime.esm.js?2b0e:6516
Vue._update @ vue.runtime.esm.js?2b0e:3948
updateComponent @ vue.runtime.esm.js?2b0e:4066
get @ vue.runtime.esm.js?2b0e:4479
run @ vue.runtime.esm.js?2b0e:4554
flushSchedulerQueue @ vue.runtime.esm.js?2b0e:4310
eval @ vue.runtime.esm.js?2b0e:1980
flushCallbacks @ vue.runtime.esm.js?2b0e:1906
Promise.then (async)
timerFunc @ vue.runtime.esm.js?2b0e:1933
nextTick @ vue.runtime.esm.js?2b0e:1990
queueWatcher @ vue.runtime.esm.js?2b0e:4402
update @ vue.runtime.esm.js?2b0e:4544
notify @ vue.runtime.esm.js?2b0e:730
reactiveSetter @ vue.runtime.esm.js?2b0e:1055
SET_PRODUCTS @ products.js?5b50:40
wrappedMutationHandler @ vuex.esm.js?2f62:844
commitIterator @ vuex.esm.js?2f62:466
eval @ vuex.esm.js?2f62:465
_withCommit @ vuex.esm.js?2f62:624
commit @ vuex.esm.js?2f62:464
boundCommit @ vuex.esm.js?2f62:409
eval @ products.js?5b50:50
Promise.then (async)
fetchProducts @ products.js?5b50:49
wrappedActionHandler @ vuex.esm.js?2f62:851
dispatch @ vuex.esm.js?2f62:516
boundDispatch @ vuex.esm.js?2f62:406
created @ ProductPage.vue?ae6b:50
invokeWithErrorHandling @ vue.runtime.esm.js?2b0e:1854
callHook @ vue.runtime.esm.js?2b0e:4219
Vue._init @ vue.runtime.esm.js?2b0e:5008
VueComponent @ vue.runtime.esm.js?2b0e:5154
createComponentInstanceForVnode @ vue.runtime.esm.js?2b0e:3283
init @ vue.runtime.esm.js?2b0e:3114
merged @ vue.runtime.esm.js?2b0e:3301
createComponent @ vue.runtime.esm.js?2b0e:5978
createElm @ vue.runtime.esm.js?2b0e:5925
createChildren @ vue.runtime.esm.js?2b0e:6053
createElm @ vue.runtime.esm.js?2b0e:5954
patch @ vue.runtime.esm.js?2b0e:6477
Vue._update @ vue.runtime.esm.js?2b0e:3945
updateComponent @ vue.runtime.esm.js?2b0e:4066
get @ vue.runtime.esm.js?2b0e:4479
Watcher @ vue.runtime.esm.js?2b0e:4468
mountComponent @ vue.runtime.esm.js?2b0e:4073
Vue.$mount @ vue.runtime.esm.js?2b0e:8415
init @ vue.runtime.esm.js?2b0e:3118
createComponent @ vue.runtime.esm.js?2b0e:5978
createElm @ vue.runtime.esm.js?2b0e:5925
patch @ vue.runtime.esm.js?2b0e:6516
Vue._update @ vue.runtime.esm.js?2b0e:3945
updateComponent @ vue.runtime.esm.js?2b0e:4066
get @ vue.runtime.esm.js?2b0e:4479
Watcher @ vue.runtime.esm.js?2b0e:4468
mountComponent @ vue.runtime.esm.js?2b0e:4073
Vue.$mount @ vue.runtime.esm.js?2b0e:8415
eval @ main.js?56d7:74
./src/main.js @ app.js:4458
__webpack_require__ @ app.js:849
fn @ app.js:151
1 @ app.js:4867
__webpack_require__ @ app.js:849
checkDeferredModules @ app.js:46
(anonymous) @ app.js:925
(anonymous) @ app.js:928
Show 62 more frames
vue.runtime.esm.js?2b0e:619 [Vue warn]: Error in render: "RangeError: Invalid array length"

found in

---> <BaseRating> at src/components/base/BaseRating.vue
       <ReviewsHeader> at src/components/reviews/ReviewsHeader.vue
         <Reviews> at src/components/reviews/Reviews.vue
           <ProductfullReviews> at src/components/productfull/ProductfullReviews.vue
             <BaseTabs> at src/components/base/BaseTabs.vue
               <Productfull> at src/components/productfull/Productfull.vue
                 <ProductPage> at src/views/ProductPage.vue
                   <App> at src/App.vue
                     <Root>
warn @ vue.runtime.esm.js?2b0e:619
logError @ vue.runtime.esm.js?2b0e:1884
globalHandleError @ vue.runtime.esm.js?2b0e:1879
handleError @ vue.runtime.esm.js?2b0e:1839
Vue._render @ vue.runtime.esm.js?2b0e:3550
updateComponent @ vue.runtime.esm.js?2b0e:4066
get @ vue.runtime.esm.js?2b0e:4479
Watcher @ vue.runtime.esm.js?2b0e:4468
mountComponent @ vue.runtime.esm.js?2b0e:4073
Vue.$mount @ vue.runtime.esm.js?2b0e:8415
init @ vue.runtime.esm.js?2b0e:3118
createComponent @ vue.runtime.esm.js?2b0e:5978
createElm @ vue.runtime.esm.js?2b0e:5925
createChildren @ vue.runtime.esm.js?2b0e:6053
createElm @ vue.runtime.esm.js?2b0e:5954
createChildren @ vue.runtime.esm.js?2b0e:6053
createElm @ vue.runtime.esm.js?2b0e:5954
createChildren @ vue.runtime.esm.js?2b0e:6053
createElm @ vue.runtime.esm.js?2b0e:5954
createChildren @ vue.runtime.esm.js?2b0e:6053
createElm @ vue.runtime.esm.js?2b0e:5954
createChildren @ vue.runtime.esm.js?2b0e:6053
createElm @ vue.runtime.esm.js?2b0e:5954
patch @ vue.runtime.esm.js?2b0e:6477
Vue._update @ vue.runtime.esm.js?2b0e:3945
updateComponent @ vue.runtime.esm.js?2b0e:4066
get @ vue.runtime.esm.js?2b0e:4479
Watcher @ vue.runtime.esm.js?2b0e:4468
mountComponent @ vue.runtime.esm.js?2b0e:4073
Vue.$mount @ vue.runtime.esm.js?2b0e:8415
init @ vue.runtime.esm.js?2b0e:3118
createComponent @ vue.runtime.esm.js?2b0e:5978
createElm @ vue.runtime.esm.js?2b0e:5925
createChildren @ vue.runtime.esm.js?2b0e:6053
createElm @ vue.runtime.esm.js?2b0e:5954
patch @ vue.runtime.esm.js?2b0e:6477
Vue._update @ vue.runtime.esm.js?2b0e:3945
updateComponent @ vue.runtime.esm.js?2b0e:4066
get @ vue.runtime.esm.js?2b0e:4479
Watcher @ vue.runtime.esm.js?2b0e:4468
mountComponent @ vue.runtime.esm.js?2b0e:4073
Vue.$mount @ vue.runtime.esm.js?2b0e:8415
init @ vue.runtime.esm.js?2b0e:3118
createComponent @ vue.runtime.esm.js?2b0e:5978
createElm @ vue.runtime.esm.js?2b0e:5925
patch @ vue.runtime.esm.js?2b0e:6477
Vue._update @ vue.runtime.esm.js?2b0e:3945
updateComponent @ vue.runtime.esm.js?2b0e:4066
get @ vue.runtime.esm.js?2b0e:4479
Watcher @ vue.runtime.esm.js?2b0e:4468
mountComponent @ vue.runtime.esm.js?2b0e:4073
Vue.$mount @ vue.runtime.esm.js?2b0e:8415
init @ vue.runtime.esm.js?2b0e:3118
createComponent @ vue.runtime.esm.js?2b0e:5978
createElm @ vue.runtime.esm.js?2b0e:5925
createChildren @ vue.runtime.esm.js?2b0e:6053
createElm @ vue.runtime.esm.js?2b0e:5954
createChildren @ vue.runtime.esm.js?2b0e:6053
createElm @ vue.runtime.esm.js?2b0e:5954
createChildren @ vue.runtime.esm.js?2b0e:6053
createElm @ vue.runtime.esm.js?2b0e:5954
patch @ vue.runtime.esm.js?2b0e:6477
Vue._update @ vue.runtime.esm.js?2b0e:3945
updateComponent @ vue.runtime.esm.js?2b0e:4066
get @ vue.runtime.esm.js?2b0e:4479
Watcher @ vue.runtime.esm.js?2b0e:4468
mountComponent @ vue.runtime.esm.js?2b0e:4073
Vue.$mount @ vue.runtime.esm.js?2b0e:8415
init @ vue.runtime.esm.js?2b0e:3118
createComponent @ vue.runtime.esm.js?2b0e:5978
createElm @ vue.runtime.esm.js?2b0e:5925
createChildren @ vue.runtime.esm.js?2b0e:6053
createElm @ vue.runtime.esm.js?2b0e:5954
createChildren @ vue.runtime.esm.js?2b0e:6053
createElm @ vue.runtime.esm.js?2b0e:5954
patch @ vue.runtime.esm.js?2b0e:6516
Vue._update @ vue.runtime.esm.js?2b0e:3948
updateComponent @ vue.runtime.esm.js?2b0e:4066
get @ vue.runtime.esm.js?2b0e:4479
run @ vue.runtime.esm.js?2b0e:4554
flushSchedulerQueue @ vue.runtime.esm.js?2b0e:4310
eval @ vue.runtime.esm.js?2b0e:1980
flushCallbacks @ vue.runtime.esm.js?2b0e:1906
Promise.then (async)
timerFunc @ vue.runtime.esm.js?2b0e:1933
nextTick @ vue.runtime.esm.js?2b0e:1990
queueWatcher @ vue.runtime.esm.js?2b0e:4402
update @ vue.runtime.esm.js?2b0e:4544
notify @ vue.runtime.esm.js?2b0e:730
reactiveSetter @ vue.runtime.esm.js?2b0e:1055
SET_PRODUCTS @ products.js?5b50:40
wrappedMutationHandler @ vuex.esm.js?2f62:844
commitIterator @ vuex.esm.js?2f62:466
eval @ vuex.esm.js?2f62:465
_withCommit @ vuex.esm.js?2f62:624
commit @ vuex.esm.js?2f62:464
boundCommit @ vuex.esm.js?2f62:409
eval @ products.js?5b50:50
Promise.then (async)
fetchProducts @ products.js?5b50:49
wrappedActionHandler @ vuex.esm.js?2f62:851
dispatch @ vuex.esm.js?2f62:516
boundDispatch @ vuex.esm.js?2f62:406
created @ ProductPage.vue?ae6b:50
invokeWithErrorHandling @ vue.runtime.esm.js?2b0e:1854
callHook @ vue.runtime.esm.js?2b0e:4219
Vue._init @ vue.runtime.esm.js?2b0e:5008
VueComponent @ vue.runtime.esm.js?2b0e:5154
createComponentInstanceForVnode @ vue.runtime.esm.js?2b0e:3283
init @ vue.runtime.esm.js?2b0e:3114
merged @ vue.runtime.esm.js?2b0e:3301
createComponent @ vue.runtime.esm.js?2b0e:5978
createElm @ vue.runtime.esm.js?2b0e:5925
createChildren @ vue.runtime.esm.js?2b0e:6053
createElm @ vue.runtime.esm.js?2b0e:5954
patch @ vue.runtime.esm.js?2b0e:6477
Vue._update @ vue.runtime.esm.js?2b0e:3945
updateComponent @ vue.runtime.esm.js?2b0e:4066
get @ vue.runtime.esm.js?2b0e:4479
Watcher @ vue.runtime.esm.js?2b0e:4468
mountComponent @ vue.runtime.esm.js?2b0e:4073
Vue.$mount @ vue.runtime.esm.js?2b0e:8415
init @ vue.runtime.esm.js?2b0e:3118
createComponent @ vue.runtime.esm.js?2b0e:5978
createElm @ vue.runtime.esm.js?2b0e:5925
patch @ vue.runtime.esm.js?2b0e:6516
Vue._update @ vue.runtime.esm.js?2b0e:3945
updateComponent @ vue.runtime.esm.js?2b0e:4066
get @ vue.runtime.esm.js?2b0e:4479
Watcher @ vue.runtime.esm.js?2b0e:4468
mountComponent @ vue.runtime.esm.js?2b0e:4073
Vue.$mount @ vue.runtime.esm.js?2b0e:8415
eval @ main.js?56d7:74
./src/main.js @ app.js:4458
__webpack_require__ @ app.js:849
fn @ app.js:151
1 @ app.js:4867
__webpack_require__ @ app.js:849
checkDeferredModules @ app.js:46
(anonymous) @ app.js:925
(anonymous) @ app.js:928
Show 95 more frames
vue.runtime.esm.js?2b0e:1888 RangeError: Invalid array length
    at Proxy.renderList (vue.runtime.esm.js?2b0e:2633)
    at Proxy.render (BaseRating.vue?bafa:12)
    at VueComponent.Vue._render (vue.runtime.esm.js?2b0e:3548)
    at VueComponent.updateComponent (vue.runtime.esm.js?2b0e:4066)
    at Watcher.get (vue.runtime.esm.js?2b0e:4479)
    at new Watcher (vue.runtime.esm.js?2b0e:4468)
    at mountComponent (vue.runtime.esm.js?2b0e:4073)
    at VueComponent.Vue.$mount (vue.runtime.esm.js?2b0e:8415)
    at init (vue.runtime.esm.js?2b0e:3118)
    at createComponent (vue.runtime.esm.js?2b0e:5978)
logError @ vue.runtime.esm.js?2b0e:1888
globalHandleError @ vue.runtime.esm.js?2b0e:1879
handleError @ vue.runtime.esm.js?2b0e:1839
Vue._render @ vue.runtime.esm.js?2b0e:3550
updateComponent @ vue.runtime.esm.js?2b0e:4066
get @ vue.runtime.esm.js?2b0e:4479
Watcher @ vue.runtime.esm.js?2b0e:4468
mountComponent @ vue.runtime.esm.js?2b0e:4073
Vue.$mount @ vue.runtime.esm.js?2b0e:8415
init @ vue.runtime.esm.js?2b0e:3118
createComponent @ vue.runtime.esm.js?2b0e:5978
createElm @ vue.runtime.esm.js?2b0e:5925
createChildren @ vue.runtime.esm.js?2b0e:6053
createElm @ vue.runtime.esm.js?2b0e:5954
createChildren @ vue.runtime.esm.js?2b0e:6053
createElm @ vue.runtime.esm.js?2b0e:5954
createChildren @ vue.runtime.esm.js?2b0e:6053
createElm @ vue.runtime.esm.js?2b0e:5954
createChildren @ vue.runtime.esm.js?2b0e:6053
createElm @ vue.runtime.esm.js?2b0e:5954
createChildren @ vue.runtime.esm.js?2b0e:6053
createElm @ vue.runtime.esm.js?2b0e:5954
patch @ vue.runtime.esm.js?2b0e:6477
Vue._update @ vue.runtime.esm.js?2b0e:3945
updateComponent @ vue.runtime.esm.js?2b0e:4066
get @ vue.runtime.esm.js?2b0e:4479
Watcher @ vue.runtime.esm.js?2b0e:4468
mountComponent @ vue.runtime.esm.js?2b0e:4073
Vue.$mount @ vue.runtime.esm.js?2b0e:8415
init @ vue.runtime.esm.js?2b0e:3118
createComponent @ vue.runtime.esm.js?2b0e:5978
createElm @ vue.runtime.esm.js?2b0e:5925
createChildren @ vue.runtime.esm.js?2b0e:6053
createElm @ vue.runtime.esm.js?2b0e:5954
patch @ vue.runtime.esm.js?2b0e:6477
Vue._update @ vue.runtime.esm.js?2b0e:3945
updateComponent @ vue.runtime.esm.js?2b0e:4066
get @ vue.runtime.esm.js?2b0e:4479
Watcher @ vue.runtime.esm.js?2b0e:4468
mountComponent @ vue.runtime.esm.js?2b0e:4073
Vue.$mount @ vue.runtime.esm.js?2b0e:8415
init @ vue.runtime.esm.js?2b0e:3118
createComponent @ vue.runtime.esm.js?2b0e:5978
createElm @ vue.runtime.esm.js?2b0e:5925
patch @ vue.runtime.esm.js?2b0e:6477
Vue._update @ vue.runtime.esm.js?2b0e:3945
updateComponent @ vue.runtime.esm.js?2b0e:4066
get @ vue.runtime.esm.js?2b0e:4479
Watcher @ vue.runtime.esm.js?2b0e:4468
mountComponent @ vue.runtime.esm.js?2b0e:4073
Vue.$mount @ vue.runtime.esm.js?2b0e:8415
init @ vue.runtime.esm.js?2b0e:3118
createComponent @ vue.runtime.esm.js?2b0e:5978
createElm @ vue.runtime.esm.js?2b0e:5925
createChildren @ vue.runtime.esm.js?2b0e:6053
createElm @ vue.runtime.esm.js?2b0e:5954
createChildren @ vue.runtime.esm.js?2b0e:6053
createElm @ vue.runtime.esm.js?2b0e:5954
createChildren @ vue.runtime.esm.js?2b0e:6053
createElm @ vue.runtime.esm.js?2b0e:5954
patch @ vue.runtime.esm.js?2b0e:6477
Vue._update @ vue.runtime.esm.js?2b0e:3945
updateComponent @ vue.runtime.esm.js?2b0e:4066
get @ vue.runtime.esm.js?2b0e:4479
Watcher @ vue.runtime.esm.js?2b0e:4468
mountComponent @ vue.runtime.esm.js?2b0e:4073
Vue.$mount @ vue.runtime.esm.js?2b0e:8415
init @ vue.runtime.esm.js?2b0e:3118
createComponent @ vue.runtime.esm.js?2b0e:5978
createElm @ vue.runtime.esm.js?2b0e:5925
createChildren @ vue.runtime.esm.js?2b0e:6053
createElm @ vue.runtime.esm.js?2b0e:5954
createChildren @ vue.runtime.esm.js?2b0e:6053
createElm @ vue.runtime.esm.js?2b0e:5954
patch @ vue.runtime.esm.js?2b0e:6516
Vue._update @ vue.runtime.esm.js?2b0e:3948
updateComponent @ vue.runtime.esm.js?2b0e:4066
get @ vue.runtime.esm.js?2b0e:4479
run @ vue.runtime.esm.js?2b0e:4554
flushSchedulerQueue @ vue.runtime.esm.js?2b0e:4310
eval @ vue.runtime.esm.js?2b0e:1980
flushCallbacks @ vue.runtime.esm.js?2b0e:1906
Promise.then (async)
timerFunc @ vue.runtime.esm.js?2b0e:1933
nextTick @ vue.runtime.esm.js?2b0e:1990
queueWatcher @ vue.runtime.esm.js?2b0e:4402
update @ vue.runtime.esm.js?2b0e:4544
notify @ vue.runtime.esm.js?2b0e:730
reactiveSetter @ vue.runtime.esm.js?2b0e:1055
SET_PRODUCTS @ products.js?5b50:40
wrappedMutationHandler @ vuex.esm.js?2f62:844
commitIterator @ vuex.esm.js?2f62:466
eval @ vuex.esm.js?2f62:465
_withCommit @ vuex.esm.js?2f62:624
commit @ vuex.esm.js?2f62:464
boundCommit @ vuex.esm.js?2f62:409
eval @ products.js?5b50:50
Promise.then (async)
fetchProducts @ products.js?5b50:49
wrappedActionHandler @ vuex.esm.js?2f62:851
dispatch @ vuex.esm.js?2f62:516
boundDispatch @ vuex.esm.js?2f62:406
created @ ProductPage.vue?ae6b:50
invokeWithErrorHandling @ vue.runtime.esm.js?2b0e:1854
callHook @ vue.runtime.esm.js?2b0e:4219
Vue._init @ vue.runtime.esm.js?2b0e:5008
VueComponent @ vue.runtime.esm.js?2b0e:5154
createComponentInstanceForVnode @ vue.runtime.esm.js?2b0e:3283
init @ vue.runtime.esm.js?2b0e:3114
merged @ vue.runtime.esm.js?2b0e:3301
createComponent @ vue.runtime.esm.js?2b0e:5978
createElm @ vue.runtime.esm.js?2b0e:5925
createChildren @ vue.runtime.esm.js?2b0e:6053
createElm @ vue.runtime.esm.js?2b0e:5954
patch @ vue.runtime.esm.js?2b0e:6477
Vue._update @ vue.runtime.esm.js?2b0e:3945
updateComponent @ vue.runtime.esm.js?2b0e:4066
get @ vue.runtime.esm.js?2b0e:4479
Watcher @ vue.runtime.esm.js?2b0e:4468
mountComponent @ vue.runtime.esm.js?2b0e:4073
Vue.$mount @ vue.runtime.esm.js?2b0e:8415
init @ vue.runtime.esm.js?2b0e:3118
createComponent @ vue.runtime.esm.js?2b0e:5978
createElm @ vue.runtime.esm.js?2b0e:5925
patch @ vue.runtime.esm.js?2b0e:6516
Vue._update @ vue.runtime.esm.js?2b0e:3945
updateComponent @ vue.runtime.esm.js?2b0e:4066
get @ vue.runtime.esm.js?2b0e:4479
Watcher @ vue.runtime.esm.js?2b0e:4468
mountComponent @ vue.runtime.esm.js?2b0e:4073
Vue.$mount @ vue.runtime.esm.js?2b0e:8415
eval @ main.js?56d7:74
./src/main.js @ app.js:4458
__webpack_require__ @ app.js:849
fn @ app.js:151
1 @ app.js:4867
__webpack_require__ @ app.js:849
checkDeferredModules @ app.js:46
(anonymous) @ app.js:925
(anonymous) @ app.js:928
Show 94 more frames
vue.runtime.esm.js?2b0e:619 [Vue warn]: Invalid prop: type check failed for prop "productId". Expected Number with value 1, got String with value "1".

found in

---> <ReviewsForm> at src/components/reviews/ReviewsForm.vue
       <Reviews> at src/components/reviews/Reviews.vue
         <ProductfullReviews> at src/components/productfull/ProductfullReviews.vue
           <BaseTabs> at src/components/base/BaseTabs.vue
             <Productfull> at src/components/productfull/Productfull.vue
               <ProductPage> at src/views/ProductPage.vue
                 <App> at src/App.vue
                   <Root>
warn @ vue.runtime.esm.js?2b0e:619
assertProp @ vue.runtime.esm.js?2b0e:1705
validateProp @ vue.runtime.esm.js?2b0e:1632
loop @ vue.runtime.esm.js?2b0e:4665
initProps @ vue.runtime.esm.js?2b0e:4698
initState @ vue.runtime.esm.js?2b0e:4639
Vue._init @ vue.runtime.esm.js?2b0e:5006
VueComponent @ vue.runtime.esm.js?2b0e:5154
createComponentInstanceForVnode @ vue.runtime.esm.js?2b0e:3283
init @ vue.runtime.esm.js?2b0e:3114
createComponent @ vue.runtime.esm.js?2b0e:5978
createElm @ vue.runtime.esm.js?2b0e:5925
createChildren @ vue.runtime.esm.js?2b0e:6053
createElm @ vue.runtime.esm.js?2b0e:5954
patch @ vue.runtime.esm.js?2b0e:6477
Vue._update @ vue.runtime.esm.js?2b0e:3945
updateComponent @ vue.runtime.esm.js?2b0e:4066
get @ vue.runtime.esm.js?2b0e:4479
Watcher @ vue.runtime.esm.js?2b0e:4468
mountComponent @ vue.runtime.esm.js?2b0e:4073
Vue.$mount @ vue.runtime.esm.js?2b0e:8415
init @ vue.runtime.esm.js?2b0e:3118
createComponent @ vue.runtime.esm.js?2b0e:5978
createElm @ vue.runtime.esm.js?2b0e:5925
patch @ vue.runtime.esm.js?2b0e:6477
Vue._update @ vue.runtime.esm.js?2b0e:3945
updateComponent @ vue.runtime.esm.js?2b0e:4066
get @ vue.runtime.esm.js?2b0e:4479
Watcher @ vue.runtime.esm.js?2b0e:4468
mountComponent @ vue.runtime.esm.js?2b0e:4073
Vue.$mount @ vue.runtime.esm.js?2b0e:8415
init @ vue.runtime.esm.js?2b0e:3118
createComponent @ vue.runtime.esm.js?2b0e:5978
createElm @ vue.runtime.esm.js?2b0e:5925
createChildren @ vue.runtime.esm.js?2b0e:6053
createElm @ vue.runtime.esm.js?2b0e:5954
createChildren @ vue.runtime.esm.js?2b0e:6053
createElm @ vue.runtime.esm.js?2b0e:5954
createChildren @ vue.runtime.esm.js?2b0e:6053
createElm @ vue.runtime.esm.js?2b0e:5954
patch @ vue.runtime.esm.js?2b0e:6477
Vue._update @ vue.runtime.esm.js?2b0e:3945
updateComponent @ vue.runtime.esm.js?2b0e:4066
get @ vue.runtime.esm.js?2b0e:4479
Watcher @ vue.runtime.esm.js?2b0e:4468
mountComponent @ vue.runtime.esm.js?2b0e:4073
Vue.$mount @ vue.runtime.esm.js?2b0e:8415
init @ vue.runtime.esm.js?2b0e:3118
createComponent @ vue.runtime.esm.js?2b0e:5978
createElm @ vue.runtime.esm.js?2b0e:5925
createChildren @ vue.runtime.esm.js?2b0e:6053
createElm @ vue.runtime.esm.js?2b0e:5954
createChildren @ vue.runtime.esm.js?2b0e:6053
createElm @ vue.runtime.esm.js?2b0e:5954
patch @ vue.runtime.esm.js?2b0e:6516
Vue._update @ vue.runtime.esm.js?2b0e:3948
updateComponent @ vue.runtime.esm.js?2b0e:4066
get @ vue.runtime.esm.js?2b0e:4479
run @ vue.runtime.esm.js?2b0e:4554
flushSchedulerQueue @ vue.runtime.esm.js?2b0e:4310
eval @ vue.runtime.esm.js?2b0e:1980
flushCallbacks @ vue.runtime.esm.js?2b0e:1906
Promise.then (async)
timerFunc @ vue.runtime.esm.js?2b0e:1933
nextTick @ vue.runtime.esm.js?2b0e:1990
queueWatcher @ vue.runtime.esm.js?2b0e:4402
update @ vue.runtime.esm.js?2b0e:4544
notify @ vue.runtime.esm.js?2b0e:730
reactiveSetter @ vue.runtime.esm.js?2b0e:1055
SET_PRODUCTS @ products.js?5b50:40
wrappedMutationHandler @ vuex.esm.js?2f62:844
commitIterator @ vuex.esm.js?2f62:466
eval @ vuex.esm.js?2f62:465
_withCommit @ vuex.esm.js?2f62:624
commit @ vuex.esm.js?2f62:464
boundCommit @ vuex.esm.js?2f62:409
eval @ products.js?5b50:50
Promise.then (async)
fetchProducts @ products.js?5b50:49
wrappedActionHandler @ vuex.esm.js?2f62:851
dispatch @ vuex.esm.js?2f62:516
boundDispatch @ vuex.esm.js?2f62:406
created @ ProductPage.vue?ae6b:50
invokeWithErrorHandling @ vue.runtime.esm.js?2b0e:1854
callHook @ vue.runtime.esm.js?2b0e:4219
Vue._init @ vue.runtime.esm.js?2b0e:5008
VueComponent @ vue.runtime.esm.js?2b0e:5154
createComponentInstanceForVnode @ vue.runtime.esm.js?2b0e:3283
init @ vue.runtime.esm.js?2b0e:3114
merged @ vue.runtime.esm.js?2b0e:3301
createComponent @ vue.runtime.esm.js?2b0e:5978
createElm @ vue.runtime.esm.js?2b0e:5925
createChildren @ vue.runtime.esm.js?2b0e:6053
createElm @ vue.runtime.esm.js?2b0e:5954
patch @ vue.runtime.esm.js?2b0e:6477
Vue._update @ vue.runtime.esm.js?2b0e:3945
updateComponent @ vue.runtime.esm.js?2b0e:4066
get @ vue.runtime.esm.js?2b0e:4479
Watcher @ vue.runtime.esm.js?2b0e:4468
mountComponent @ vue.runtime.esm.js?2b0e:4073
Vue.$mount @ vue.runtime.esm.js?2b0e:8415
init @ vue.runtime.esm.js?2b0e:3118
createComponent @ vue.runtime.esm.js?2b0e:5978
createElm @ vue.runtime.esm.js?2b0e:5925
patch @ vue.runtime.esm.js?2b0e:6516
Vue._update @ vue.runtime.esm.js?2b0e:3945
updateComponent @ vue.runtime.esm.js?2b0e:4066
get @ vue.runtime.esm.js?2b0e:4479
Watcher @ vue.runtime.esm.js?2b0e:4468
mountComponent @ vue.runtime.esm.js?2b0e:4073
Vue.$mount @ vue.runtime.esm.js?2b0e:8415
eval @ main.js?56d7:74
./src/main.js @ app.js:4458
__webpack_require__ @ app.js:849
fn @ app.js:151
1 @ app.js:4867
__webpack_require__ @ app.js:849
checkDeferredModules @ app.js:46
(anonymous) @ app.js:925
(anonymous) @ app.js:928
Show 74 more frames
vue.runtime.esm.js?2b0e:619 [Vue warn]: Property or method "rating" is not defined on the instance but referenced during render. Make sure that this property is reactive, either in the data option, or for class-based components, by initializing the property. See: https://vuejs.org/v2/guide/reactivity.html#Declaring-Reactive-Properties.

found in

---> <BaseSetRating> at src/components/base/BaseSetRating.vue
       <ReviewsForm> at src/components/reviews/ReviewsForm.vue
         <Reviews> at src/components/reviews/Reviews.vue
           <ProductfullReviews> at src/components/productfull/ProductfullReviews.vue
             <BaseTabs> at src/components/base/BaseTabs.vue
               <Productfull> at src/components/productfull/Productfull.vue
                 <ProductPage> at src/views/ProductPage.vue
                   <App> at src/App.vue
                     <Root>
warn @ vue.runtime.esm.js?2b0e:619
warnNonPresent @ vue.runtime.esm.js?2b0e:2015
get @ vue.runtime.esm.js?2b0e:2070
render @ BaseSetRating.vue?6a21:7
Vue._render @ vue.runtime.esm.js?2b0e:3548
updateComponent @ vue.runtime.esm.js?2b0e:4066
get @ vue.runtime.esm.js?2b0e:4479
Watcher @ vue.runtime.esm.js?2b0e:4468
mountComponent @ vue.runtime.esm.js?2b0e:4073
Vue.$mount @ vue.runtime.esm.js?2b0e:8415
init @ vue.runtime.esm.js?2b0e:3118
createComponent @ vue.runtime.esm.js?2b0e:5978
createElm @ vue.runtime.esm.js?2b0e:5925
createChildren @ vue.runtime.esm.js?2b0e:6053
createElm @ vue.runtime.esm.js?2b0e:5954
createChildren @ vue.runtime.esm.js?2b0e:6053
createElm @ vue.runtime.esm.js?2b0e:5954
createChildren @ vue.runtime.esm.js?2b0e:6053
createElm @ vue.runtime.esm.js?2b0e:5954
createChildren @ vue.runtime.esm.js?2b0e:6053
createElm @ vue.runtime.esm.js?2b0e:5954
createChildren @ vue.runtime.esm.js?2b0e:6053
createElm @ vue.runtime.esm.js?2b0e:5954
patch @ vue.runtime.esm.js?2b0e:6477
Vue._update @ vue.runtime.esm.js?2b0e:3945
updateComponent @ vue.runtime.esm.js?2b0e:4066
get @ vue.runtime.esm.js?2b0e:4479
Watcher @ vue.runtime.esm.js?2b0e:4468
mountComponent @ vue.runtime.esm.js?2b0e:4073
Vue.$mount @ vue.runtime.esm.js?2b0e:8415
init @ vue.runtime.esm.js?2b0e:3118
createComponent @ vue.runtime.esm.js?2b0e:5978
createElm @ vue.runtime.esm.js?2b0e:5925
createChildren @ vue.runtime.esm.js?2b0e:6053
createElm @ vue.runtime.esm.js?2b0e:5954
patch @ vue.runtime.esm.js?2b0e:6477
Vue._update @ vue.runtime.esm.js?2b0e:3945
updateComponent @ vue.runtime.esm.js?2b0e:4066
get @ vue.runtime.esm.js?2b0e:4479
Watcher @ vue.runtime.esm.js?2b0e:4468
mountComponent @ vue.runtime.esm.js?2b0e:4073
Vue.$mount @ vue.runtime.esm.js?2b0e:8415
init @ vue.runtime.esm.js?2b0e:3118
createComponent @ vue.runtime.esm.js?2b0e:5978
createElm @ vue.runtime.esm.js?2b0e:5925
patch @ vue.runtime.esm.js?2b0e:6477
Vue._update @ vue.runtime.esm.js?2b0e:3945
updateComponent @ vue.runtime.esm.js?2b0e:4066
get @ vue.runtime.esm.js?2b0e:4479
Watcher @ vue.runtime.esm.js?2b0e:4468
mountComponent @ vue.runtime.esm.js?2b0e:4073
Vue.$mount @ vue.runtime.esm.js?2b0e:8415
init @ vue.runtime.esm.js?2b0e:3118
createComponent @ vue.runtime.esm.js?2b0e:5978
createElm @ vue.runtime.esm.js?2b0e:5925
createChildren @ vue.runtime.esm.js?2b0e:6053
createElm @ vue.runtime.esm.js?2b0e:5954
createChildren @ vue.runtime.esm.js?2b0e:6053
createElm @ vue.runtime.esm.js?2b0e:5954
createChildren @ vue.runtime.esm.js?2b0e:6053
createElm @ vue.runtime.esm.js?2b0e:5954
patch @ vue.runtime.esm.js?2b0e:6477
Vue._update @ vue.runtime.esm.js?2b0e:3945
updateComponent @ vue.runtime.esm.js?2b0e:4066
get @ vue.runtime.esm.js?2b0e:4479
Watcher @ vue.runtime.esm.js?2b0e:4468
mountComponent @ vue.runtime.esm.js?2b0e:4073
Vue.$mount @ vue.runtime.esm.js?2b0e:8415
init @ vue.runtime.esm.js?2b0e:3118
createComponent @ vue.runtime.esm.js?2b0e:5978
createElm @ vue.runtime.esm.js?2b0e:5925
createChildren @ vue.runtime.esm.js?2b0e:6053
createElm @ vue.runtime.esm.js?2b0e:5954
createChildren @ vue.runtime.esm.js?2b0e:6053
createElm @ vue.runtime.esm.js?2b0e:5954
patch @ vue.runtime.esm.js?2b0e:6516
Vue._update @ vue.runtime.esm.js?2b0e:3948
updateComponent @ vue.runtime.esm.js?2b0e:4066
get @ vue.runtime.esm.js?2b0e:4479
run @ vue.runtime.esm.js?2b0e:4554
flushSchedulerQueue @ vue.runtime.esm.js?2b0e:4310
eval @ vue.runtime.esm.js?2b0e:1980
flushCallbacks @ vue.runtime.esm.js?2b0e:1906
Promise.then (async)
timerFunc @ vue.runtime.esm.js?2b0e:1933
nextTick @ vue.runtime.esm.js?2b0e:1990
queueWatcher @ vue.runtime.esm.js?2b0e:4402
update @ vue.runtime.esm.js?2b0e:4544
notify @ vue.runtime.esm.js?2b0e:730
reactiveSetter @ vue.runtime.esm.js?2b0e:1055
SET_PRODUCTS @ products.js?5b50:40
wrappedMutationHandler @ vuex.esm.js?2f62:844
commitIterator @ vuex.esm.js?2f62:466
eval @ vuex.esm.js?2f62:465
_withCommit @ vuex.esm.js?2f62:624
commit @ vuex.esm.js?2f62:464
boundCommit @ vuex.esm.js?2f62:409
eval @ products.js?5b50:50
Promise.then (async)
fetchProducts @ products.js?5b50:49
wrappedActionHandler @ vuex.esm.js?2f62:851
dispatch @ vuex.esm.js?2f62:516
boundDispatch @ vuex.esm.js?2f62:406
created @ ProductPage.vue?ae6b:50
invokeWithErrorHandling @ vue.runtime.esm.js?2b0e:1854
callHook @ vue.runtime.esm.js?2b0e:4219
Vue._init @ vue.runtime.esm.js?2b0e:5008
VueComponent @ vue.runtime.esm.js?2b0e:5154
createComponentInstanceForVnode @ vue.runtime.esm.js?2b0e:3283
init @ vue.runtime.esm.js?2b0e:3114
merged @ vue.runtime.esm.js?2b0e:3301
createComponent @ vue.runtime.esm.js?2b0e:5978
createElm @ vue.runtime.esm.js?2b0e:5925
createChildren @ vue.runtime.esm.js?2b0e:6053
createElm @ vue.runtime.esm.js?2b0e:5954
patch @ vue.runtime.esm.js?2b0e:6477
Vue._update @ vue.runtime.esm.js?2b0e:3945
updateComponent @ vue.runtime.esm.js?2b0e:4066
get @ vue.runtime.esm.js?2b0e:4479
Watcher @ vue.runtime.esm.js?2b0e:4468
mountComponent @ vue.runtime.esm.js?2b0e:4073
Vue.$mount @ vue.runtime.esm.js?2b0e:8415
init @ vue.runtime.esm.js?2b0e:3118
createComponent @ vue.runtime.esm.js?2b0e:5978
createElm @ vue.runtime.esm.js?2b0e:5925
patch @ vue.runtime.esm.js?2b0e:6516
Vue._update @ vue.runtime.esm.js?2b0e:3945
updateComponent @ vue.runtime.esm.js?2b0e:4066
get @ vue.runtime.esm.js?2b0e:4479
Watcher @ vue.runtime.esm.js?2b0e:4468
mountComponent @ vue.runtime.esm.js?2b0e:4073
Vue.$mount @ vue.runtime.esm.js?2b0e:8415
eval @ main.js?56d7:74
./src/main.js @ app.js:4458
__webpack_require__ @ app.js:849
fn @ app.js:151
1 @ app.js:4867
__webpack_require__ @ app.js:849
checkDeferredModules @ app.js:46
(anonymous) @ app.js:925
(anonymous) @ app.js:928
Show 95 more frames
vue.runtime.esm.js?2b0e:619 [Vue warn]: Property or method "value" is not defined on the instance but referenced during render. Make sure that this property is reactive, either in the data option, or for class-based components, by initializing the property. See: https://vuejs.org/v2/guide/reactivity.html#Declaring-Reactive-Properties.

found in

---> <BaseInput> at src/components/base/BaseInput.vue
       <ReviewsForm> at src/components/reviews/ReviewsForm.vue
         <Reviews> at src/components/reviews/Reviews.vue
           <ProductfullReviews> at src/components/productfull/ProductfullReviews.vue
             <BaseTabs> at src/components/base/BaseTabs.vue
               <Productfull> at src/components/productfull/Productfull.vue
                 <ProductPage> at src/views/ProductPage.vue
                   <App> at src/App.vue
                     <Root>
warn @ vue.runtime.esm.js?2b0e:619
warnNonPresent @ vue.runtime.esm.js?2b0e:2015
get @ vue.runtime.esm.js?2b0e:2070
render @ BaseInput.vue?895e:27
Vue._render @ vue.runtime.esm.js?2b0e:3548
updateComponent @ vue.runtime.esm.js?2b0e:4066
get @ vue.runtime.esm.js?2b0e:4479
Watcher @ vue.runtime.esm.js?2b0e:4468
mountComponent @ vue.runtime.esm.js?2b0e:4073
Vue.$mount @ vue.runtime.esm.js?2b0e:8415
init @ vue.runtime.esm.js?2b0e:3118
createComponent @ vue.runtime.esm.js?2b0e:5978
createElm @ vue.runtime.esm.js?2b0e:5925
createChildren @ vue.runtime.esm.js?2b0e:6053
createElm @ vue.runtime.esm.js?2b0e:5954
createChildren @ vue.runtime.esm.js?2b0e:6053
createElm @ vue.runtime.esm.js?2b0e:5954
createChildren @ vue.runtime.esm.js?2b0e:6053
createElm @ vue.runtime.esm.js?2b0e:5954
patch @ vue.runtime.esm.js?2b0e:6477
Vue._update @ vue.runtime.esm.js?2b0e:3945
updateComponent @ vue.runtime.esm.js?2b0e:4066
get @ vue.runtime.esm.js?2b0e:4479
Watcher @ vue.runtime.esm.js?2b0e:4468
mountComponent @ vue.runtime.esm.js?2b0e:4073
Vue.$mount @ vue.runtime.esm.js?2b0e:8415
init @ vue.runtime.esm.js?2b0e:3118
createComponent @ vue.runtime.esm.js?2b0e:5978
createElm @ vue.runtime.esm.js?2b0e:5925
createChildren @ vue.runtime.esm.js?2b0e:6053
createElm @ vue.runtime.esm.js?2b0e:5954
patch @ vue.runtime.esm.js?2b0e:6477
Vue._update @ vue.runtime.esm.js?2b0e:3945
updateComponent @ vue.runtime.esm.js?2b0e:4066
get @ vue.runtime.esm.js?2b0e:4479
Watcher @ vue.runtime.esm.js?2b0e:4468
mountComponent @ vue.runtime.esm.js?2b0e:4073
Vue.$mount @ vue.runtime.esm.js?2b0e:8415
init @ vue.runtime.esm.js?2b0e:3118
createComponent @ vue.runtime.esm.js?2b0e:5978
createElm @ vue.runtime.esm.js?2b0e:5925
patch @ vue.runtime.esm.js?2b0e:6477
Vue._update @ vue.runtime.esm.js?2b0e:3945
updateComponent @ vue.runtime.esm.js?2b0e:4066
get @ vue.runtime.esm.js?2b0e:4479
Watcher @ vue.runtime.esm.js?2b0e:4468
mountComponent @ vue.runtime.esm.js?2b0e:4073
Vue.$mount @ vue.runtime.esm.js?2b0e:8415
init @ vue.runtime.esm.js?2b0e:3118
createComponent @ vue.runtime.esm.js?2b0e:5978
createElm @ vue.runtime.esm.js?2b0e:5925
createChildren @ vue.runtime.esm.js?2b0e:6053
createElm @ vue.runtime.esm.js?2b0e:5954
createChildren @ vue.runtime.esm.js?2b0e:6053
createElm @ vue.runtime.esm.js?2b0e:5954
createChildren @ vue.runtime.esm.js?2b0e:6053
createElm @ vue.runtime.esm.js?2b0e:5954
patch @ vue.runtime.esm.js?2b0e:6477
Vue._update @ vue.runtime.esm.js?2b0e:3945
updateComponent @ vue.runtime.esm.js?2b0e:4066
get @ vue.runtime.esm.js?2b0e:4479
Watcher @ vue.runtime.esm.js?2b0e:4468
mountComponent @ vue.runtime.esm.js?2b0e:4073
Vue.$mount @ vue.runtime.esm.js?2b0e:8415
init @ vue.runtime.esm.js?2b0e:3118
createComponent @ vue.runtime.esm.js?2b0e:5978
createElm @ vue.runtime.esm.js?2b0e:5925
createChildren @ vue.runtime.esm.js?2b0e:6053
createElm @ vue.runtime.esm.js?2b0e:5954
createChildren @ vue.runtime.esm.js?2b0e:6053
createElm @ vue.runtime.esm.js?2b0e:5954
patch @ vue.runtime.esm.js?2b0e:6516
Vue._update @ vue.runtime.esm.js?2b0e:3948
updateComponent @ vue.runtime.esm.js?2b0e:4066
get @ vue.runtime.esm.js?2b0e:4479
run @ vue.runtime.esm.js?2b0e:4554
flushSchedulerQueue @ vue.runtime.esm.js?2b0e:4310
eval @ vue.runtime.esm.js?2b0e:1980
flushCallbacks @ vue.runtime.esm.js?2b0e:1906
Promise.then (async)
timerFunc @ vue.runtime.esm.js?2b0e:1933
nextTick @ vue.runtime.esm.js?2b0e:1990
queueWatcher @ vue.runtime.esm.js?2b0e:4402
update @ vue.runtime.esm.js?2b0e:4544
notify @ vue.runtime.esm.js?2b0e:730
reactiveSetter @ vue.runtime.esm.js?2b0e:1055
SET_PRODUCTS @ products.js?5b50:40
wrappedMutationHandler @ vuex.esm.js?2f62:844
commitIterator @ vuex.esm.js?2f62:466
eval @ vuex.esm.js?2f62:465
_withCommit @ vuex.esm.js?2f62:624
commit @ vuex.esm.js?2f62:464
boundCommit @ vuex.esm.js?2f62:409
eval @ products.js?5b50:50
Promise.then (async)
fetchProducts @ products.js?5b50:49
wrappedActionHandler @ vuex.esm.js?2f62:851
dispatch @ vuex.esm.js?2f62:516
boundDispatch @ vuex.esm.js?2f62:406
created @ ProductPage.vue?ae6b:50
invokeWithErrorHandling @ vue.runtime.esm.js?2b0e:1854
callHook @ vue.runtime.esm.js?2b0e:4219
Vue._init @ vue.runtime.esm.js?2b0e:5008
VueComponent @ vue.runtime.esm.js?2b0e:5154
createComponentInstanceForVnode @ vue.runtime.esm.js?2b0e:3283
init @ vue.runtime.esm.js?2b0e:3114
merged @ vue.runtime.esm.js?2b0e:3301
createComponent @ vue.runtime.esm.js?2b0e:5978
createElm @ vue.runtime.esm.js?2b0e:5925
createChildren @ vue.runtime.esm.js?2b0e:6053
createElm @ vue.runtime.esm.js?2b0e:5954
patch @ vue.runtime.esm.js?2b0e:6477
Vue._update @ vue.runtime.esm.js?2b0e:3945
updateComponent @ vue.runtime.esm.js?2b0e:4066
get @ vue.runtime.esm.js?2b0e:4479
Watcher @ vue.runtime.esm.js?2b0e:4468
mountComponent @ vue.runtime.esm.js?2b0e:4073
Vue.$mount @ vue.runtime.esm.js?2b0e:8415
init @ vue.runtime.esm.js?2b0e:3118
createComponent @ vue.runtime.esm.js?2b0e:5978
createElm @ vue.runtime.esm.js?2b0e:5925
patch @ vue.runtime.esm.js?2b0e:6516
Vue._update @ vue.runtime.esm.js?2b0e:3945
updateComponent @ vue.runtime.esm.js?2b0e:4066
get @ vue.runtime.esm.js?2b0e:4479
Watcher @ vue.runtime.esm.js?2b0e:4468
mountComponent @ vue.runtime.esm.js?2b0e:4073
Vue.$mount @ vue.runtime.esm.js?2b0e:8415
eval @ main.js?56d7:74
./src/main.js @ app.js:4458
__webpack_require__ @ app.js:849
fn @ app.js:151
1 @ app.js:4867
__webpack_require__ @ app.js:849
checkDeferredModules @ app.js:46
(anonymous) @ app.js:925
(anonymous) @ app.js:928
Show 91 more frames
reviews.js?c204:36 Reviews has been fetched: {data: Array(14), status: 200, statusText: "OK", headers: {}, config: {},}
vue.runtime.esm.js?2b0e:619 [Vue warn]: Invalid prop: type check failed for prop "productId". Expected Number with value 1, got String with value "1".

found in

---> <ProductfullReviews> at src/components/productfull/ProductfullReviews.vue
       <BaseTabs> at src/components/base/BaseTabs.vue
         <Productfull> at src/components/productfull/Productfull.vue
           <ProductPage> at src/views/ProductPage.vue
             <App> at src/App.vue
               <Root>
warn @ vue.runtime.esm.js?2b0e:619
assertProp @ vue.runtime.esm.js?2b0e:1705
validateProp @ vue.runtime.esm.js?2b0e:1632
updateChildComponent @ vue.runtime.esm.js?2b0e:4147
prepatch @ vue.runtime.esm.js?2b0e:3125
patchVnode @ vue.runtime.esm.js?2b0e:6308
updateChildren @ vue.runtime.esm.js?2b0e:6193
patchVnode @ vue.runtime.esm.js?2b0e:6319
updateChildren @ vue.runtime.esm.js?2b0e:6193
patchVnode @ vue.runtime.esm.js?2b0e:6319
updateChildren @ vue.runtime.esm.js?2b0e:6193
patchVnode @ vue.runtime.esm.js?2b0e:6319
patch @ vue.runtime.esm.js?2b0e:6482
Vue._update @ vue.runtime.esm.js?2b0e:3948
updateComponent @ vue.runtime.esm.js?2b0e:4066
get @ vue.runtime.esm.js?2b0e:4479
run @ vue.runtime.esm.js?2b0e:4554
flushSchedulerQueue @ vue.runtime.esm.js?2b0e:4310
eval @ vue.runtime.esm.js?2b0e:1980
flushCallbacks @ vue.runtime.esm.js?2b0e:1906
Promise.then (async)
timerFunc @ vue.runtime.esm.js?2b0e:1933
nextTick @ vue.runtime.esm.js?2b0e:1990
queueWatcher @ vue.runtime.esm.js?2b0e:4402
update @ vue.runtime.esm.js?2b0e:4544
notify @ vue.runtime.esm.js?2b0e:730
reactiveSetter @ vue.runtime.esm.js?2b0e:1055
SET_REVIEWS @ reviews.js?c204:11
wrappedMutationHandler @ vuex.esm.js?2f62:844
commitIterator @ vuex.esm.js?2f62:466
eval @ vuex.esm.js?2f62:465
_withCommit @ vuex.esm.js?2f62:624
commit @ vuex.esm.js?2f62:464
boundCommit @ vuex.esm.js?2f62:409
eval @ reviews.js?c204:35
Promise.then (async)
fetchReviews @ reviews.js?c204:34
wrappedActionHandler @ vuex.esm.js?2f62:851
dispatch @ vuex.esm.js?2f62:516
boundDispatch @ vuex.esm.js?2f62:406
fetchReviews @ Productfull.vue?53ce:248
created @ Productfull.vue?53ce:229
invokeWithErrorHandling @ vue.runtime.esm.js?2b0e:1854
callHook @ vue.runtime.esm.js?2b0e:4219
Vue._init @ vue.runtime.esm.js?2b0e:5008
VueComponent @ vue.runtime.esm.js?2b0e:5154
createComponentInstanceForVnode @ vue.runtime.esm.js?2b0e:3283
init @ vue.runtime.esm.js?2b0e:3114
createComponent @ vue.runtime.esm.js?2b0e:5978
createElm @ vue.runtime.esm.js?2b0e:5925
createChildren @ vue.runtime.esm.js?2b0e:6053
createElm @ vue.runtime.esm.js?2b0e:5954
createChildren @ vue.runtime.esm.js?2b0e:6053
createElm @ vue.runtime.esm.js?2b0e:5954
createChildren @ vue.runtime.esm.js?2b0e:6053
createElm @ vue.runtime.esm.js?2b0e:5954
patch @ vue.runtime.esm.js?2b0e:6477
Vue._update @ vue.runtime.esm.js?2b0e:3945
updateComponent @ vue.runtime.esm.js?2b0e:4066
get @ vue.runtime.esm.js?2b0e:4479
Watcher @ vue.runtime.esm.js?2b0e:4468
mountComponent @ vue.runtime.esm.js?2b0e:4073
Vue.$mount @ vue.runtime.esm.js?2b0e:8415
init @ vue.runtime.esm.js?2b0e:3118
merged @ vue.runtime.esm.js?2b0e:3301
createComponent @ vue.runtime.esm.js?2b0e:5978
createElm @ vue.runtime.esm.js?2b0e:5925
createChildren @ vue.runtime.esm.js?2b0e:6053
createElm @ vue.runtime.esm.js?2b0e:5954
patch @ vue.runtime.esm.js?2b0e:6477
Vue._update @ vue.runtime.esm.js?2b0e:3945
updateComponent @ vue.runtime.esm.js?2b0e:4066
get @ vue.runtime.esm.js?2b0e:4479
Watcher @ vue.runtime.esm.js?2b0e:4468
mountComponent @ vue.runtime.esm.js?2b0e:4073
Vue.$mount @ vue.runtime.esm.js?2b0e:8415
init @ vue.runtime.esm.js?2b0e:3118
createComponent @ vue.runtime.esm.js?2b0e:5978
createElm @ vue.runtime.esm.js?2b0e:5925
patch @ vue.runtime.esm.js?2b0e:6516
Vue._update @ vue.runtime.esm.js?2b0e:3945
updateComponent @ vue.runtime.esm.js?2b0e:4066
get @ vue.runtime.esm.js?2b0e:4479
Watcher @ vue.runtime.esm.js?2b0e:4468
mountComponent @ vue.runtime.esm.js?2b0e:4073
Vue.$mount @ vue.runtime.esm.js?2b0e:8415
eval @ main.js?56d7:74
./src/main.js @ app.js:4458
__webpack_require__ @ app.js:849
fn @ app.js:151
1 @ app.js:4867
__webpack_require__ @ app.js:849
checkDeferredModules @ app.js:46
(anonymous) @ app.js:925
(anonymous) @ app.js:928
Show 59 more frames
vue.runtime.esm.js?2b0e:619 [Vue warn]: Invalid prop: type check failed for prop "productId". Expected Number with value 1, got String with value "1".

found in

---> <Reviews> at src/components/reviews/Reviews.vue
       <ProductfullReviews> at src/components/productfull/ProductfullReviews.vue
         <BaseTabs> at src/components/base/BaseTabs.vue
           <Productfull> at src/components/productfull/Productfull.vue
             <ProductPage> at src/views/ProductPage.vue
               <App> at src/App.vue
                 <Root>
warn @ vue.runtime.esm.js?2b0e:619
assertProp @ vue.runtime.esm.js?2b0e:1705
validateProp @ vue.runtime.esm.js?2b0e:1632
updateChildComponent @ vue.runtime.esm.js?2b0e:4147
prepatch @ vue.runtime.esm.js?2b0e:3125
patchVnode @ vue.runtime.esm.js?2b0e:6308
patch @ vue.runtime.esm.js?2b0e:6482
Vue._update @ vue.runtime.esm.js?2b0e:3948
updateComponent @ vue.runtime.esm.js?2b0e:4066
get @ vue.runtime.esm.js?2b0e:4479
run @ vue.runtime.esm.js?2b0e:4554
flushSchedulerQueue @ vue.runtime.esm.js?2b0e:4310
eval @ vue.runtime.esm.js?2b0e:1980
flushCallbacks @ vue.runtime.esm.js?2b0e:1906
Promise.then (async)
timerFunc @ vue.runtime.esm.js?2b0e:1933
nextTick @ vue.runtime.esm.js?2b0e:1990
queueWatcher @ vue.runtime.esm.js?2b0e:4402
update @ vue.runtime.esm.js?2b0e:4544
notify @ vue.runtime.esm.js?2b0e:730
reactiveSetter @ vue.runtime.esm.js?2b0e:1055
SET_REVIEWS @ reviews.js?c204:11
wrappedMutationHandler @ vuex.esm.js?2f62:844
commitIterator @ vuex.esm.js?2f62:466
eval @ vuex.esm.js?2f62:465
_withCommit @ vuex.esm.js?2f62:624
commit @ vuex.esm.js?2f62:464
boundCommit @ vuex.esm.js?2f62:409
eval @ reviews.js?c204:35
Promise.then (async)
fetchReviews @ reviews.js?c204:34
wrappedActionHandler @ vuex.esm.js?2f62:851
dispatch @ vuex.esm.js?2f62:516
boundDispatch @ vuex.esm.js?2f62:406
fetchReviews @ Productfull.vue?53ce:248
created @ Productfull.vue?53ce:229
invokeWithErrorHandling @ vue.runtime.esm.js?2b0e:1854
callHook @ vue.runtime.esm.js?2b0e:4219
Vue._init @ vue.runtime.esm.js?2b0e:5008
VueComponent @ vue.runtime.esm.js?2b0e:5154
createComponentInstanceForVnode @ vue.runtime.esm.js?2b0e:3283
init @ vue.runtime.esm.js?2b0e:3114
createComponent @ vue.runtime.esm.js?2b0e:5978
createElm @ vue.runtime.esm.js?2b0e:5925
createChildren @ vue.runtime.esm.js?2b0e:6053
createElm @ vue.runtime.esm.js?2b0e:5954
createChildren @ vue.runtime.esm.js?2b0e:6053
createElm @ vue.runtime.esm.js?2b0e:5954
createChildren @ vue.runtime.esm.js?2b0e:6053
createElm @ vue.runtime.esm.js?2b0e:5954
patch @ vue.runtime.esm.js?2b0e:6477
Vue._update @ vue.runtime.esm.js?2b0e:3945
updateComponent @ vue.runtime.esm.js?2b0e:4066
get @ vue.runtime.esm.js?2b0e:4479
Watcher @ vue.runtime.esm.js?2b0e:4468
mountComponent @ vue.runtime.esm.js?2b0e:4073
Vue.$mount @ vue.runtime.esm.js?2b0e:8415
init @ vue.runtime.esm.js?2b0e:3118
merged @ vue.runtime.esm.js?2b0e:3301
createComponent @ vue.runtime.esm.js?2b0e:5978
createElm @ vue.runtime.esm.js?2b0e:5925
createChildren @ vue.runtime.esm.js?2b0e:6053
createElm @ vue.runtime.esm.js?2b0e:5954
patch @ vue.runtime.esm.js?2b0e:6477
Vue._update @ vue.runtime.esm.js?2b0e:3945
updateComponent @ vue.runtime.esm.js?2b0e:4066
get @ vue.runtime.esm.js?2b0e:4479
Watcher @ vue.runtime.esm.js?2b0e:4468
mountComponent @ vue.runtime.esm.js?2b0e:4073
Vue.$mount @ vue.runtime.esm.js?2b0e:8415
init @ vue.runtime.esm.js?2b0e:3118
createComponent @ vue.runtime.esm.js?2b0e:5978
createElm @ vue.runtime.esm.js?2b0e:5925
patch @ vue.runtime.esm.js?2b0e:6516
Vue._update @ vue.runtime.esm.js?2b0e:3945
updateComponent @ vue.runtime.esm.js?2b0e:4066
get @ vue.runtime.esm.js?2b0e:4479
Watcher @ vue.runtime.esm.js?2b0e:4468
mountComponent @ vue.runtime.esm.js?2b0e:4073
Vue.$mount @ vue.runtime.esm.js?2b0e:8415
eval @ main.js?56d7:74
./src/main.js @ app.js:4458
__webpack_require__ @ app.js:849
fn @ app.js:151
1 @ app.js:4867
__webpack_require__ @ app.js:849
checkDeferredModules @ app.js:46
(anonymous) @ app.js:925
(anonymous) @ app.js:928
Show 57 more frames
vue.runtime.esm.js?2b0e:619 [Vue warn]: Duplicate keys detected: '3'. This may cause an update error.

found in

---> <BaseRating> at src/components/base/BaseRating.vue
       <ReviewsItem> at src/components/reviews/ReviewsItem.vue
         <Reviews> at src/components/reviews/Reviews.vue
           <ProductfullReviews> at src/components/productfull/ProductfullReviews.vue
             <BaseTabs> at src/components/base/BaseTabs.vue
               <Productfull> at src/components/productfull/Productfull.vue
                 <ProductPage> at src/views/ProductPage.vue
                   <App> at src/App.vue
                     <Root>
warn @ vue.runtime.esm.js?2b0e:619
checkDuplicateKeys @ vue.runtime.esm.js?2b0e:6246
createChildren @ vue.runtime.esm.js?2b0e:6050
createElm @ vue.runtime.esm.js?2b0e:5954
createChildren @ vue.runtime.esm.js?2b0e:6053
createElm @ vue.runtime.esm.js?2b0e:5954
patch @ vue.runtime.esm.js?2b0e:6477
Vue._update @ vue.runtime.esm.js?2b0e:3945
updateComponent @ vue.runtime.esm.js?2b0e:4066
get @ vue.runtime.esm.js?2b0e:4479
Watcher @ vue.runtime.esm.js?2b0e:4468
mountComponent @ vue.runtime.esm.js?2b0e:4073
Vue.$mount @ vue.runtime.esm.js?2b0e:8415
init @ vue.runtime.esm.js?2b0e:3118
createComponent @ vue.runtime.esm.js?2b0e:5978
createElm @ vue.runtime.esm.js?2b0e:5925
createChildren @ vue.runtime.esm.js?2b0e:6053
createElm @ vue.runtime.esm.js?2b0e:5954
createChildren @ vue.runtime.esm.js?2b0e:6053
createElm @ vue.runtime.esm.js?2b0e:5954
createChildren @ vue.runtime.esm.js?2b0e:6053
createElm @ vue.runtime.esm.js?2b0e:5954
createChildren @ vue.runtime.esm.js?2b0e:6053
createElm @ vue.runtime.esm.js?2b0e:5954
patch @ vue.runtime.esm.js?2b0e:6477
Vue._update @ vue.runtime.esm.js?2b0e:3945
updateComponent @ vue.runtime.esm.js?2b0e:4066
get @ vue.runtime.esm.js?2b0e:4479
Watcher @ vue.runtime.esm.js?2b0e:4468
mountComponent @ vue.runtime.esm.js?2b0e:4073
Vue.$mount @ vue.runtime.esm.js?2b0e:8415
init @ vue.runtime.esm.js?2b0e:3118
createComponent @ vue.runtime.esm.js?2b0e:5978
createElm @ vue.runtime.esm.js?2b0e:5925
addVnodes @ vue.runtime.esm.js?2b0e:6106
updateChildren @ vue.runtime.esm.js?2b0e:6233
patchVnode @ vue.runtime.esm.js?2b0e:6319
updateChildren @ vue.runtime.esm.js?2b0e:6193
patchVnode @ vue.runtime.esm.js?2b0e:6319
updateChildren @ vue.runtime.esm.js?2b0e:6193
patchVnode @ vue.runtime.esm.js?2b0e:6319
patch @ vue.runtime.esm.js?2b0e:6482
Vue._update @ vue.runtime.esm.js?2b0e:3948
updateComponent @ vue.runtime.esm.js?2b0e:4066
get @ vue.runtime.esm.js?2b0e:4479
run @ vue.runtime.esm.js?2b0e:4554
flushSchedulerQueue @ vue.runtime.esm.js?2b0e:4310
eval @ vue.runtime.esm.js?2b0e:1980
flushCallbacks @ vue.runtime.esm.js?2b0e:1906
Promise.then (async)
timerFunc @ vue.runtime.esm.js?2b0e:1933
nextTick @ vue.runtime.esm.js?2b0e:1990
queueWatcher @ vue.runtime.esm.js?2b0e:4402
update @ vue.runtime.esm.js?2b0e:4544
notify @ vue.runtime.esm.js?2b0e:730
reactiveSetter @ vue.runtime.esm.js?2b0e:1055
SET_REVIEWS @ reviews.js?c204:11
wrappedMutationHandler @ vuex.esm.js?2f62:844
commitIterator @ vuex.esm.js?2f62:466
eval @ vuex.esm.js?2f62:465
_withCommit @ vuex.esm.js?2f62:624
commit @ vuex.esm.js?2f62:464
boundCommit @ vuex.esm.js?2f62:409
eval @ reviews.js?c204:35
Promise.then (async)
fetchReviews @ reviews.js?c204:34
wrappedActionHandler @ vuex.esm.js?2f62:851
dispatch @ vuex.esm.js?2f62:516
boundDispatch @ vuex.esm.js?2f62:406
fetchReviews @ Productfull.vue?53ce:248
created @ Productfull.vue?53ce:229
invokeWithErrorHandling @ vue.runtime.esm.js?2b0e:1854
callHook @ vue.runtime.esm.js?2b0e:4219
Vue._init @ vue.runtime.esm.js?2b0e:5008
VueComponent @ vue.runtime.esm.js?2b0e:5154
createComponentInstanceForVnode @ vue.runtime.esm.js?2b0e:3283
init @ vue.runtime.esm.js?2b0e:3114
createComponent @ vue.runtime.esm.js?2b0e:5978
createElm @ vue.runtime.esm.js?2b0e:5925
createChildren @ vue.runtime.esm.js?2b0e:6053
createElm @ vue.runtime.esm.js?2b0e:5954
createChildren @ vue.runtime.esm.js?2b0e:6053
createElm @ vue.runtime.esm.js?2b0e:5954
createChildren @ vue.runtime.esm.js?2b0e:6053
createElm @ vue.runtime.esm.js?2b0e:5954
patch @ vue.runtime.esm.js?2b0e:6477
Vue._update @ vue.runtime.esm.js?2b0e:3945
updateComponent @ vue.runtime.esm.js?2b0e:4066
get @ vue.runtime.esm.js?2b0e:4479
Watcher @ vue.runtime.esm.js?2b0e:4468
mountComponent @ vue.runtime.esm.js?2b0e:4073
Vue.$mount @ vue.runtime.esm.js?2b0e:8415
init @ vue.runtime.esm.js?2b0e:3118
merged @ vue.runtime.esm.js?2b0e:3301
createComponent @ vue.runtime.esm.js?2b0e:5978
createElm @ vue.runtime.esm.js?2b0e:5925
createChildren @ vue.runtime.esm.js?2b0e:6053
createElm @ vue.runtime.esm.js?2b0e:5954
patch @ vue.runtime.esm.js?2b0e:6477
Vue._update @ vue.runtime.esm.js?2b0e:3945
updateComponent @ vue.runtime.esm.js?2b0e:4066
get @ vue.runtime.esm.js?2b0e:4479
Watcher @ vue.runtime.esm.js?2b0e:4468
mountComponent @ vue.runtime.esm.js?2b0e:4073
Vue.$mount @ vue.runtime.esm.js?2b0e:8415
init @ vue.runtime.esm.js?2b0e:3118
createComponent @ vue.runtime.esm.js?2b0e:5978
createElm @ vue.runtime.esm.js?2b0e:5925
patch @ vue.runtime.esm.js?2b0e:6516
Vue._update @ vue.runtime.esm.js?2b0e:3945
updateComponent @ vue.runtime.esm.js?2b0e:4066
get @ vue.runtime.esm.js?2b0e:4479
Watcher @ vue.runtime.esm.js?2b0e:4468
mountComponent @ vue.runtime.esm.js?2b0e:4073
Vue.$mount @ vue.runtime.esm.js?2b0e:8415
eval @ main.js?56d7:74
./src/main.js @ app.js:4458
__webpack_require__ @ app.js:849
fn @ app.js:151
1 @ app.js:4867
__webpack_require__ @ app.js:849
checkDeferredModules @ app.js:46
(anonymous) @ app.js:925
(anonymous) @ app.js:928
Show 78 more frames
vue.runtime.esm.js?2b0e:619 [Vue warn]: Invalid prop: type check failed for prop "productId". Expected Number with value 1, got String with value "1".

found in

---> <ReviewsForm> at src/components/reviews/ReviewsForm.vue
       <Reviews> at src/components/reviews/Reviews.vue
         <ProductfullReviews> at src/components/productfull/ProductfullReviews.vue
           <BaseTabs> at src/components/base/BaseTabs.vue
             <Productfull> at src/components/productfull/Productfull.vue
               <ProductPage> at src/views/ProductPage.vue
                 <App> at src/App.vue
                   <Root>
warn @ vue.runtime.esm.js?2b0e:619
assertProp @ vue.runtime.esm.js?2b0e:1705
validateProp @ vue.runtime.esm.js?2b0e:1632
updateChildComponent @ vue.runtime.esm.js?2b0e:4147
prepatch @ vue.runtime.esm.js?2b0e:3125
patchVnode @ vue.runtime.esm.js?2b0e:6308
updateChildren @ vue.runtime.esm.js?2b0e:6193
patchVnode @ vue.runtime.esm.js?2b0e:6319
patch @ vue.runtime.esm.js?2b0e:6482
Vue._update @ vue.runtime.esm.js?2b0e:3948
updateComponent @ vue.runtime.esm.js?2b0e:4066
get @ vue.runtime.esm.js?2b0e:4479
run @ vue.runtime.esm.js?2b0e:4554
flushSchedulerQueue @ vue.runtime.esm.js?2b0e:4310
eval @ vue.runtime.esm.js?2b0e:1980
flushCallbacks @ vue.runtime.esm.js?2b0e:1906
Promise.then (async)
timerFunc @ vue.runtime.esm.js?2b0e:1933
nextTick @ vue.runtime.esm.js?2b0e:1990
queueWatcher @ vue.runtime.esm.js?2b0e:4402
update @ vue.runtime.esm.js?2b0e:4544
notify @ vue.runtime.esm.js?2b0e:730
reactiveSetter @ vue.runtime.esm.js?2b0e:1055
SET_REVIEWS @ reviews.js?c204:11
wrappedMutationHandler @ vuex.esm.js?2f62:844
commitIterator @ vuex.esm.js?2f62:466
eval @ vuex.esm.js?2f62:465
_withCommit @ vuex.esm.js?2f62:624
commit @ vuex.esm.js?2f62:464
boundCommit @ vuex.esm.js?2f62:409
eval @ reviews.js?c204:35
Promise.then (async)
fetchReviews @ reviews.js?c204:34
wrappedActionHandler @ vuex.esm.js?2f62:851
dispatch @ vuex.esm.js?2f62:516
boundDispatch @ vuex.esm.js?2f62:406
fetchReviews @ Productfull.vue?53ce:248
created @ Productfull.vue?53ce:229
invokeWithErrorHandling @ vue.runtime.esm.js?2b0e:1854
callHook @ vue.runtime.esm.js?2b0e:4219
Vue._init @ vue.runtime.esm.js?2b0e:5008
VueComponent @ vue.runtime.esm.js?2b0e:5154
createComponentInstanceForVnode @ vue.runtime.esm.js?2b0e:3283
init @ vue.runtime.esm.js?2b0e:3114
createComponent @ vue.runtime.esm.js?2b0e:5978
createElm @ vue.runtime.esm.js?2b0e:5925
createChildren @ vue.runtime.esm.js?2b0e:6053
createElm @ vue.runtime.esm.js?2b0e:5954
createChildren @ vue.runtime.esm.js?2b0e:6053
createElm @ vue.runtime.esm.js?2b0e:5954
createChildren @ vue.runtime.esm.js?2b0e:6053
createElm @ vue.runtime.esm.js?2b0e:5954
patch @ vue.runtime.esm.js?2b0e:6477
Vue._update @ vue.runtime.esm.js?2b0e:3945
updateComponent @ vue.runtime.esm.js?2b0e:4066
get @ vue.runtime.esm.js?2b0e:4479
Watcher @ vue.runtime.esm.js?2b0e:4468
mountComponent @ vue.runtime.esm.js?2b0e:4073
Vue.$mount @ vue.runtime.esm.js?2b0e:8415
init @ vue.runtime.esm.js?2b0e:3118
merged @ vue.runtime.esm.js?2b0e:3301
createComponent @ vue.runtime.esm.js?2b0e:5978
createElm @ vue.runtime.esm.js?2b0e:5925
createChildren @ vue.runtime.esm.js?2b0e:6053
createElm @ vue.runtime.esm.js?2b0e:5954
patch @ vue.runtime.esm.js?2b0e:6477
Vue._update @ vue.runtime.esm.js?2b0e:3945
updateComponent @ vue.runtime.esm.js?2b0e:4066
get @ vue.runtime.esm.js?2b0e:4479
Watcher @ vue.runtime.esm.js?2b0e:4468
mountComponent @ vue.runtime.esm.js?2b0e:4073
Vue.$mount @ vue.runtime.esm.js?2b0e:8415
init @ vue.runtime.esm.js?2b0e:3118
createComponent @ vue.runtime.esm.js?2b0e:5978
createElm @ vue.runtime.esm.js?2b0e:5925
patch @ vue.runtime.esm.js?2b0e:6516
Vue._update @ vue.runtime.esm.js?2b0e:3945
updateComponent @ vue.runtime.esm.js?2b0e:4066
get @ vue.runtime.esm.js?2b0e:4479
Watcher @ vue.runtime.esm.js?2b0e:4468
mountComponent @ vue.runtime.esm.js?2b0e:4073
Vue.$mount @ vue.runtime.esm.js?2b0e:8415
eval @ main.js?56d7:74
./src/main.js @ app.js:4458
__webpack_require__ @ app.js:849
fn @ app.js:151
1 @ app.js:4867
__webpack_require__ @ app.js:849
checkDeferredModules @ app.js:46
(anonymous) @ app.js:925
(anonymous) @ app.js:928
Show 59 more frames
vue.runtime.esm.js?2b0e:619 [Vue warn]: Duplicate keys detected: '3'. This may cause an update error.

found in

---> <BaseRating> at src/components/base/BaseRating.vue
       <ReviewsHeader> at src/components/reviews/ReviewsHeader.vue
         <Reviews> at src/components/reviews/Reviews.vue
           <ProductfullReviews> at src/components/productfull/ProductfullReviews.vue
             <BaseTabs> at src/components/base/BaseTabs.vue
               <Productfull> at src/components/productfull/Productfull.vue
                 <ProductPage> at src/views/ProductPage.vue
                   <App> at src/App.vue
                     <Root>
warn @ vue.runtime.esm.js?2b0e:619
checkDuplicateKeys @ vue.runtime.esm.js?2b0e:6246
createChildren @ vue.runtime.esm.js?2b0e:6050
createElm @ vue.runtime.esm.js?2b0e:5954
createChildren @ vue.runtime.esm.js?2b0e:6053
createElm @ vue.runtime.esm.js?2b0e:5954
patch @ vue.runtime.esm.js?2b0e:6516
Vue._update @ vue.runtime.esm.js?2b0e:3948
updateComponent @ vue.runtime.esm.js?2b0e:4066
get @ vue.runtime.esm.js?2b0e:4479
run @ vue.runtime.esm.js?2b0e:4554
flushSchedulerQueue @ vue.runtime.esm.js?2b0e:4310
eval @ vue.runtime.esm.js?2b0e:1980
flushCallbacks @ vue.runtime.esm.js?2b0e:1906
Promise.then (async)
timerFunc @ vue.runtime.esm.js?2b0e:1933
nextTick @ vue.runtime.esm.js?2b0e:1990
queueWatcher @ vue.runtime.esm.js?2b0e:4402
update @ vue.runtime.esm.js?2b0e:4544
notify @ vue.runtime.esm.js?2b0e:730
reactiveSetter @ vue.runtime.esm.js?2b0e:1055
SET_REVIEWS @ reviews.js?c204:11
wrappedMutationHandler @ vuex.esm.js?2f62:844
commitIterator @ vuex.esm.js?2f62:466
eval @ vuex.esm.js?2f62:465
_withCommit @ vuex.esm.js?2f62:624
commit @ vuex.esm.js?2f62:464
boundCommit @ vuex.esm.js?2f62:409
eval @ reviews.js?c204:35
Promise.then (async)
fetchReviews @ reviews.js?c204:34
wrappedActionHandler @ vuex.esm.js?2f62:851
dispatch @ vuex.esm.js?2f62:516
boundDispatch @ vuex.esm.js?2f62:406
fetchReviews @ Productfull.vue?53ce:248
created @ Productfull.vue?53ce:229
invokeWithErrorHandling @ vue.runtime.esm.js?2b0e:1854
callHook @ vue.runtime.esm.js?2b0e:4219
Vue._init @ vue.runtime.esm.js?2b0e:5008
VueComponent @ vue.runtime.esm.js?2b0e:5154
createComponentInstanceForVnode @ vue.runtime.esm.js?2b0e:3283
init @ vue.runtime.esm.js?2b0e:3114
createComponent @ vue.runtime.esm.js?2b0e:5978
createElm @ vue.runtime.esm.js?2b0e:5925
createChildren @ vue.runtime.esm.js?2b0e:6053
createElm @ vue.runtime.esm.js?2b0e:5954
createChildren @ vue.runtime.esm.js?2b0e:6053
createElm @ vue.runtime.esm.js?2b0e:5954
createChildren @ vue.runtime.esm.js?2b0e:6053
createElm @ vue.runtime.esm.js?2b0e:5954
patch @ vue.runtime.esm.js?2b0e:6477
Vue._update @ vue.runtime.esm.js?2b0e:3945
updateComponent @ vue.runtime.esm.js?2b0e:4066
get @ vue.runtime.esm.js?2b0e:4479
Watcher @ vue.runtime.esm.js?2b0e:4468
mountComponent @ vue.runtime.esm.js?2b0e:4073
Vue.$mount @ vue.runtime.esm.js?2b0e:8415
init @ vue.runtime.esm.js?2b0e:3118
merged @ vue.runtime.esm.js?2b0e:3301
createComponent @ vue.runtime.esm.js?2b0e:5978
createElm @ vue.runtime.esm.js?2b0e:5925
createChildren @ vue.runtime.esm.js?2b0e:6053
createElm @ vue.runtime.esm.js?2b0e:5954
patch @ vue.runtime.esm.js?2b0e:6477
Vue._update @ vue.runtime.esm.js?2b0e:3945
updateComponent @ vue.runtime.esm.js?2b0e:4066
get @ vue.runtime.esm.js?2b0e:4479
Watcher @ vue.runtime.esm.js?2b0e:4468
mountComponent @ vue.runtime.esm.js?2b0e:4073
Vue.$mount @ vue.runtime.esm.js?2b0e:8415
init @ vue.runtime.esm.js?2b0e:3118
createComponent @ vue.runtime.esm.js?2b0e:5978
createElm @ vue.runtime.esm.js?2b0e:5925
patch @ vue.runtime.esm.js?2b0e:6516
Vue._update @ vue.runtime.esm.js?2b0e:3945
updateComponent @ vue.runtime.esm.js?2b0e:4066
get @ vue.runtime.esm.js?2b0e:4479
Watcher @ vue.runtime.esm.js?2b0e:4468
mountComponent @ vue.runtime.esm.js?2b0e:4073
Vue.$mount @ vue.runtime.esm.js?2b0e:8415
eval @ main.js?56d7:74
./src/main.js @ app.js:4458
__webpack_require__ @ app.js:849
fn @ app.js:151
1 @ app.js:4867
__webpack_require__ @ app.js:849
checkDeferredModules @ app.js:46
(anonymous) @ app.js:925
(anonymous) @ app.js:928
Show 57 more frames
BaseInput.vue?91a2:43 Component - this: 
BaseInput.vue?91a2:44 VueComponent{_uid: 33, _isVue: true, $options: {}, _renderProxy: Proxy, _self: VueComponent,}
temp1
VueComponent{_uid: 33, _isVue: true, $options: {}, _renderProxy: Proxy, _self: VueComponent,}$attrs: (...)$children: []$createElement:  (a, b, c, d)$el: div.field-text$listeners: (...)$options: {parent: VueComponent, _parentVnode: VNode, propsData: {}, _parentListeners: undefined, _renderChildren: undefined,}$parent: VueComponent{_uid: 31, _isVue: true, $options: {}, _renderProxy: Proxy, _self: VueComponent,}$refs: {}$root: Vue{_uid: 2, _isVue: true, $options: {}, _renderProxy: Proxy, _self: Vue,}$scopedSlots: {$stable: true, $key: undefined, $hasNormal: false}$slots: {}$store: Store{_committing: false, _actions: {}, _actionSubscribers: Array(1), _mutations: {}, _wrappedGetters: {},}$vnode: VNode{tag: "vue-component-6-BaseInput", data: {}, children: undefined, text: undefined, elm: div.field-text,}attrs: (...)elClass: (...)label: (...)onInput:  ()_c:  (a, b, c, d)_data: {__ob__: Observer}_directInactive: false_events: {}_hasHookEvent: false_inactive: null_isBeingDestroyed: false_isDestroyed: false_isMounted: true_isVue: true_props: {}_renderProxy: Proxy{_uid: 33, _isVue: true, $options: {}, _renderProxy: Proxy, _self: VueComponent,}_routerRoot: Vue{_uid: 2, _isVue: true, $options: {}, _renderProxy: Proxy, _self: Vue,}_self: VueComponent{_uid: 33, _isVue: true, $options: {}, _renderProxy: Proxy, _self: VueComponent,}_staticTrees: null_uid: 33_vnode: VNode{tag: "div", data: {}, children: Array(2), text: undefined, elm: div.field-text,}_watcher: Watcher{vm: VueComponent, deep: false, user: false, lazy: false, sync: false,}_watchers: [Watcher]$data: (...)$isServer: (...)$props: (...)$route: (...)$router: (...)$ssrContext: (...)get $attrs:  reactiveGetter()set $attrs:  reactiveSetter(newVal)get $listeners:  reactiveGetter()set $listeners:  reactiveSetter(newVal)get attrs:  proxyGetter()set attrs:  proxySetter(val)get elClass:  proxyGetter()set elClass:  proxySetter(val)[[Prototype]]: Vue
